

Microchip Technology PIC LITE Macro Assembler V1.30 build 55553 
                                                                                               Fri Apr 18 23:34:13 2014

Microchip Technology Omniscient Code Generator (Lite mode) build 55553
     1                           	processor	16F628A
     2                           	opt	pw 120
     3                           	opt	lm
     4                           	psect	maintext,global,class=CODE,split=1,delta=2
     5                           	psect	cinit,global,class=CODE,merge=1,delta=2
     6                           	psect	bssCOMMON,global,class=COMMON,space=1,delta=1
     7                           	psect	cstackCOMMON,global,class=COMMON,space=1,delta=1
     8                           	dabs	1,0x7E,2
     9  0000                     	;# 
    10  0001                     	;# 
    11  0002                     	;# 
    12  0003                     	;# 
    13  0004                     	;# 
    14  0005                     	;# 
    15  0006                     	;# 
    16  000A                     	;# 
    17  000B                     	;# 
    18  000C                     	;# 
    19  000E                     	;# 
    20  000E                     	;# 
    21  000F                     	;# 
    22  0010                     	;# 
    23  0011                     	;# 
    24  0012                     	;# 
    25  0015                     	;# 
    26  0015                     	;# 
    27  0016                     	;# 
    28  0017                     	;# 
    29  0018                     	;# 
    30  0019                     	;# 
    31  001A                     	;# 
    32  001F                     	;# 
    33  0081                     	;# 
    34  0085                     	;# 
    35  0086                     	;# 
    36  008C                     	;# 
    37  008E                     	;# 
    38  0092                     	;# 
    39  0098                     	;# 
    40  0099                     	;# 
    41  009A                     	;# 
    42  009B                     	;# 
    43  009C                     	;# 
    44  009D                     	;# 
    45  009F                     	;# 
    46  001F                     _CMCON	set	31
    47  000B                     _INTCONbits	set	11
    48  0005                     _PORTA	set	5
    49  0005                     _PORTAbits	set	5
    50  0006                     _PORTB	set	6
    51  0001                     _TMR0	set	1
    52  0081                     _OPTION_REGbits	set	129
    53  0085                     _TRISA	set	133
    54  0086                     _TRISB	set	134
    55                           
    56                           	psect	maintext
    57  07CC                     __pmaintext:	
    58                           ; #config settings
    59                           
    60                           
    61                           ;psect for function _main
    62  0000                     
    63 ;;
    64 ;;Main: autosize = 0, tempsize = 2, incstack = 0, save=0
    65 ;;
    66 ;; *************** function _main *****************
    67 ;; Defined at:
    68 ;;		line 50 in file "tmr0_contador.c"
    69 ;; Parameters:    Size  Location     Type
    70 ;;  argc            2    0[COMMON] int 
    71 ;;  argv            2    2[COMMON] PTR PTR unsigned char 
    72 ;; Auto vars:     Size  Location     Type
    73 ;;		None
    74 ;; Return value:  Size  Location     Type
    75 ;;                  2    0[COMMON] int 
    76 ;; Registers used:
    77 ;;		wreg, status,2
    78 ;; Tracked objects:
    79 ;;		On entry : 17F/0
    80 ;;		On exit  : 0/0
    81 ;;		Unchanged: 0/0
    82 ;; Data sizes:     COMMON   BANK0   BANK1   BANK2
    83 ;;      Params:         4       0       0       0
    84 ;;      Locals:         0       0       0       0
    85 ;;      Temps:          2       0       0       0
    86 ;;      Totals:         6       0       0       0
    87 ;;Total ram usage:        6 bytes
    88 ;; This function calls:
    89 ;;		Nothing
    90 ;; This function is called by:
    91 ;;		Startup code after reset
    92 ;; This function uses a non-reentrant model
    93 ;;
    94  07CC                     _main:	
    95                           
    96                           ;tmr0_contador.c: 51: INTCONbits.GIE = 1;
    97                           
    98                           ;incstack = 0
    99                           ; Regs used in _main: [wreg+status,2]
   100  07CC  178B               	bsf	11,7	;volatile
   101                           
   102                           ;tmr0_contador.c: 52: INTCONbits.PEIE = 1;
   103  07CD  170B               	bsf	11,6	;volatile
   104                           
   105                           ;tmr0_contador.c: 53: OPTION_REGbits.T0CS = 1;
   106  07CE  1683               	bsf	3,5	;RP0=1, select bank1
   107  07CF  1303               	bcf	3,6	;RP1=0, select bank1
   108  07D0  1681               	bsf	1,5	;volatile
   109                           
   110                           ;tmr0_contador.c: 54: OPTION_REGbits.T0SE = 1;
   111  07D1  1601               	bsf	1,4	;volatile
   112                           
   113                           ;tmr0_contador.c: 56: PORTA = 0;
   114  07D2  1283               	bcf	3,5	;RP0=0, select bank0
   115  07D3  1303               	bcf	3,6	;RP1=0, select bank0
   116  07D4  0185               	clrf	5	;volatile
   117                           
   118                           ;tmr0_contador.c: 58: TRISA = 0b00010100;
   119  07D5  3014               	movlw	20
   120  07D6  1683               	bsf	3,5	;RP0=1, select bank1
   121  07D7  1303               	bcf	3,6	;RP1=0, select bank1
   122  07D8  0085               	movwf	5	;volatile
   123                           
   124                           ;tmr0_contador.c: 59: PORTB = 0;
   125  07D9  1283               	bcf	3,5	;RP0=0, select bank0
   126  07DA  1303               	bcf	3,6	;RP1=0, select bank0
   127  07DB  0186               	clrf	6	;volatile
   128                           
   129                           ;tmr0_contador.c: 60: TRISB = 0x00;
   130  07DC  1683               	bsf	3,5	;RP0=1, select bank1
   131  07DD  1303               	bcf	3,6	;RP1=0, select bank1
   132  07DE  0186               	clrf	6	;volatile
   133                           
   134                           ;tmr0_contador.c: 61: CMCON = 0x07;
   135  07DF  3007               	movlw	7
   136  07E0  1283               	bcf	3,5	;RP0=0, select bank0
   137  07E1  1303               	bcf	3,6	;RP1=0, select bank0
   138  07E2  009F               	movwf	31	;volatile
   139  07E3                     l499:	
   140                           ;tmr0_contador.c: 63: do
   141                           
   142                           
   143                           ;tmr0_contador.c: 64: {
   144                           ;tmr0_contador.c: 65: if ( TMR0 > 15 )
   145  07E3  3010               	movlw	16
   146  07E4  0201               	subwf	1,w	;volatile
   147  07E5  1803               	btfsc	3,0
   148                           
   149                           ;tmr0_contador.c: 66: TMR0 = 0;
   150  07E6  0181               	clrf	1	;volatile
   151                           
   152                           ;tmr0_contador.c: 67: if (PORTAbits.RA2 == 0)
   153  07E7  1905               	btfsc	5,2	;volatile
   154  07E8  2FF6               	goto	l511
   155                           
   156                           ;tmr0_contador.c: 68: {
   157                           ;tmr0_contador.c: 69: _delay((unsigned long)((50)*(4000000/4000.0)));
   158  07E9  3041               	movlw	65
   159  07EA  00F5               	movwf	??_main+1
   160  07EB  30EE               	movlw	238
   161  07EC  00F4               	movwf	??_main
   162  07ED                     u47:	
   163  07ED  0BF4               	decfsz	??_main,f
   164  07EE  2FED               	goto	u47
   165  07EF  0BF5               	decfsz	??_main+1,f
   166  07F0  2FED               	goto	u47
   167  07F1  0000               	nop
   168                           
   169                           ;tmr0_contador.c: 70: if (PORTAbits.RA2 == 0)
   170  07F2  1283               	bcf	3,5	;RP0=0, select bank0
   171  07F3  1303               	bcf	3,6	;RP1=0, select bank0
   172  07F4  1D05               	btfss	5,2	;volatile
   173                           
   174                           ;tmr0_contador.c: 71: TMR0 = 0;
   175  07F5  0181               	clrf	1	;volatile
   176  07F6                     l511:	
   177                           
   178                           ;tmr0_contador.c: 72: }
   179                           ;tmr0_contador.c: 74: sGPIO.Port = TMR0;
   180  07F6  0801               	movf	1,w	;volatile
   181  07F7  00F4               	movwf	??_main
   182  07F8  0874               	movf	??_main,w
   183  07F9  00F6               	movwf	_sGPIO
   184                           
   185                           ;tmr0_contador.c: 75: PORTB = sGPIO.Port;
   186  07FA  0876               	movf	_sGPIO,w
   187  07FB  0086               	movwf	6	;volatile
   188                           
   189                           ;tmr0_contador.c: 77: } while (1);
   190  07FC  2FE3               	goto	l499
   191  07FD                     __end_of_main:	
   192                           ;tmr0_contador.c: 78: return (0);
   193                           ;	Return value of _main is never used
   194                           
   195  007E                     btemp	set	126	;btemp
   196  007E                     wtemp	set	126
   197  007E                     wtemp0	set	126
   198  0080                     wtemp1	set	128
   199  0082                     wtemp2	set	130
   200  0084                     wtemp3	set	132
   201  0086                     wtemp4	set	134
   202  0088                     wtemp5	set	136
   203  007F                     wtemp6	set	127
   204  007E                     ttemp	set	126
   205  007E                     ttemp0	set	126
   206  0081                     ttemp1	set	129
   207  0084                     ttemp2	set	132
   208  0087                     ttemp3	set	135
   209  007F                     ttemp4	set	127
   210  007E                     ltemp	set	126
   211  007E                     ltemp0	set	126
   212  0082                     ltemp1	set	130
   213  0086                     ltemp2	set	134
   214  0080                     ltemp3	set	128
   215                           
   216                           	psect	cinit
   217  07FD                     start_initialization:	
   218  07FD                     __initialization:	
   219                           
   220                           ; Clear objects allocated to COMMON
   221  07FD  01F6               	clrf	__pbssCOMMON& (0+127)
   222  07FE                     end_of_initialization:	
   223                           ;End of C runtime variable initialization code
   224                           
   225  07FE                     __end_of__initialization:	
   226  07FE  0183               	clrf	3
   227  07FF  2FCC               	ljmp	_main	;jump to C main() function
   228                           
   229                           	psect	bssCOMMON
   230  0076                     __pbssCOMMON:	
   231  0076                     _sGPIO:	
   232  0076                     	ds	1
   233                           
   234                           	psect	cstackCOMMON
   235  0070                     __pcstackCOMMON:	
   236  0070                     ?_main:	
   237  0070                     main@argc:	
   238                           ; 2 bytes @ 0x0
   239                           
   240                           
   241                           ; 2 bytes @ 0x0
   242  0070                     	ds	2
   243  0072                     main@argv:	
   244                           
   245                           ; 2 bytes @ 0x2
   246  0072                     	ds	2
   247  0074                     ??_main:	
   248                           
   249                           ; 0 bytes @ 0x4
   250  0074                     	ds	2


Data Sizes:
    Strings     0
    Constant    0
    Data        0
    BSS         1
    Persistent  0
    Stack       0

Auto Spaces:
    Space          Size  Autos    Used
    COMMON           14      6       7
    BANK0            80      0       0
    BANK1            80      0       0
    BANK2            48      0       0

Pointer List with Targets:

    None.

Critical Paths under _main in COMMON

    None.

Critical Paths under _main in BANK0

    None.

Critical Paths under _main in BANK1

    None.

Critical Paths under _main in BANK2

    None.

Call Graph Tables:

 ---------------------------------------------------------------------------------
 (Depth) Function   	        Calls       Base Space   Used Autos Params    Refs
 ---------------------------------------------------------------------------------
 (0) _main                                                 6     2      4       0
                                              0 COMMON     6     2      4
 ---------------------------------------------------------------------------------
 Estimated maximum stack depth 0
 ---------------------------------------------------------------------------------

 Call Graph Graphs:

 _main (ROOT)

 Address spaces:
Name               Size   Autos  Total    Cost      Usage
BITCOMMON            E      0       0       0        0.0%
EEDATA              80      0       0       0        0.0%
NULL                 0      0       0       0        0.0%
CODE                 0      0       0       0        0.0%
COMMON               E      6       7       1       50.0%
BITSFR0              0      0       0       1        0.0%
SFR0                 0      0       0       1        0.0%
BITSFR1              0      0       0       2        0.0%
SFR1                 0      0       0       2        0.0%
STACK                0      0       0       2        0.0%
BANK0               50      0       0       3        0.0%
BITSFR3              0      0       0       4        0.0%
SFR3                 0      0       0       4        0.0%
ABS                  0      0       7       4        0.0%
BITBANK0            50      0       0       5        0.0%
BITSFR2              0      0       0       5        0.0%
SFR2                 0      0       0       5        0.0%
BITBANK1            50      0       0       6        0.0%
BANK1               50      0       0       7        0.0%
BITBANK2            30      0       0       8        0.0%
BANK2               30      0       0       9        0.0%
DATA                 0      0       7      10        0.0%


Microchip Technology PIC Macro Assembler V1.30 build 55553 
Symbol Table                                                                                   Fri Apr 18 23:34:13 2014

            __CFG_CP$OFF 0000                       u47 07ED              __CFG_LVP$ON 0000  
                    l511 07F6                      l499 07E3             __CFG_CPD$OFF 0000  
           __CFG_FOSC$XT 0000             __CFG_WDTE$ON 0000                     _TMR0 0001  
                   _main 07CC                     btemp 007E            __CFG_BOREN$ON 0000  
                   ltemp 007E                     start 0000                     ttemp 007E  
                   wtemp 007E            __CFG_MCLRE$ON 0000                    ?_main 0070  
                  _CMCON 001F                    _PORTA 0005                    _PORTB 0006  
                  _TRISA 0085                    _TRISB 0086                    _sGPIO 0076  
                  ltemp0 007E                    ltemp1 0082                    ltemp2 0086  
                  ltemp3 0080                    ttemp0 007E                    ttemp1 0081  
                  ttemp2 0084                    ttemp3 0087                    ttemp4 007F  
                  status 0003                    wtemp0 007E                    wtemp1 0080  
                  wtemp2 0082                    wtemp3 0084                    wtemp4 0086  
                  wtemp5 0088                    wtemp6 007F          __initialization 07FD  
           __end_of_main 07FD                   ??_main 0074           __CFG_PWRTE$OFF 0000  
__end_of__initialization 07FE           __pcstackCOMMON 0070           _OPTION_REGbits 0081  
             __pmaintext 07CC     end_of_initialization 07FE                _PORTAbits 0005  
    start_initialization 07FD              __pbssCOMMON 0076                ___latbits 0000  
          __size_of_main 0031                 main@argc 0070                 main@argv 0072  
             _INTCONbits 000B  
