

Microchip Technology PIC LITE Macro Assembler V1.30 build 55553 
                                                                                               Thu May 29 02:01:30 2014

Microchip Technology Omniscient Code Generator (Lite mode) build 55553
     1                           	processor	16F628A
     2                           	opt	pw 120
     3                           	opt	lm
     4                           	psect	strings,global,class=STRING,delta=2
     5                           	psect	cinit,global,class=CODE,merge=1,delta=2
     6                           	psect	cstackCOMMON,global,class=COMMON,space=1,delta=1
     7                           	psect	cstackBANK0,global,class=BANK0,space=1,delta=1
     8                           	psect	maintext,global,class=CODE,split=1,delta=2
     9                           	psect	text1,local,class=CODE,merge=1,delta=2
    10                           	psect	text2,local,class=CODE,merge=1,delta=2
    11                           	psect	text3,local,class=CODE,merge=1,delta=2
    12                           	psect	text4,local,class=CODE,merge=1,delta=2
    13                           	psect	text5,local,class=CODE,merge=1,delta=2
    14                           	dabs	1,0x7E,2
    15  0000                     	;# 
    16  0001                     	;# 
    17  0002                     	;# 
    18  0003                     	;# 
    19  0004                     	;# 
    20  0005                     	;# 
    21  0006                     	;# 
    22  000A                     	;# 
    23  000B                     	;# 
    24  000C                     	;# 
    25  000E                     	;# 
    26  000E                     	;# 
    27  000F                     	;# 
    28  0010                     	;# 
    29  0011                     	;# 
    30  0012                     	;# 
    31  0015                     	;# 
    32  0015                     	;# 
    33  0016                     	;# 
    34  0017                     	;# 
    35  0018                     	;# 
    36  0019                     	;# 
    37  001A                     	;# 
    38  001F                     	;# 
    39  0081                     	;# 
    40  0085                     	;# 
    41  0086                     	;# 
    42  008C                     	;# 
    43  008E                     	;# 
    44  0092                     	;# 
    45  0098                     	;# 
    46  0099                     	;# 
    47  009A                     	;# 
    48  009B                     	;# 
    49  009C                     	;# 
    50  009D                     	;# 
    51  009F                     	;# 
    52  001F                     _CMCON	set	31
    53  000B                     _INTCON	set	11
    54  0005                     _PORTA	set	5
    55  0005                     _PORTAbits	set	5
    56  0006                     _PORTB	set	6
    57  0006                     _PORTBbits	set	6
    58  008C                     _PIE1	set	140
    59  0085                     _TRISA	set	133
    60  0086                     _TRISB	set	134
    61                           
    62                           	psect	strings
    63  0001                     __pstrings:	
    64  0001                     stringtab:	
    65  0001                     __stringtab:	
    66  0001                     stringcode:	
    67                           ;	String table - string pointers are 1 byte each
    68                           
    69  0001                     stringdir:	
    70  0001  3000               	movlw	high stringdir
    71  0002  008A               	movwf	10
    72  0003  0804               	movf	4,w
    73  0004  0A84               	incf	4,f
    74  0005  0782               	addwf	2,f
    75  0006                     __stringbase:	
    76  0006  3400               	retlw	0
    77  0007                     __end_of__stringtab:	
    78  0007                     __stringdata:	
    79  0007                     STR_2:	
    80  0007  3451               	retlw	81	;'Q'
    81  0008  3475               	retlw	117	;'u'
    82  0009  3465               	retlw	101	;'e'
    83  000A  3420               	retlw	32	;' '
    84  000B  3474               	retlw	116	;'t'
    85  000C  3465               	retlw	101	;'e'
    86  000D  3420               	retlw	32	;' '
    87  000E  3470               	retlw	112	;'p'
    88  000F  3461               	retlw	97	;'a'
    89  0010  3473               	retlw	115	;'s'
    90  0011  3468               	retlw	104	;'h'
    91  0012  3461               	retlw	97	;'a'
    92  0013  342E               	retlw	46	;'.'
    93  0014  342E               	retlw	46	;'.'
    94  0015  342E               	retlw	46	;'.'
    95  0016  343F               	retlw	63	;'?'
    96  0017  3420               	retlw	32	;' '
    97  0018  3420               	retlw	32	;' '
    98  0019  3420               	retlw	32	;' '
    99  001A  3420               	retlw	32	;' '
   100  001B  3420               	retlw	32	;' '
   101  001C  3400               	retlw	0
   102  001D                     STR_1:	
   103  001D  3448               	retlw	72	;'H'
   104  001E  346F               	retlw	111	;'o'
   105  001F  346C               	retlw	108	;'l'
   106  0020  3461               	retlw	97	;'a'
   107  0021  3420               	retlw	32	;' '
   108  0022  3472               	retlw	114	;'r'
   109  0023  3465               	retlw	101	;'e'
   110  0024  3474               	retlw	116	;'t'
   111  0025  3475               	retlw	117	;'u'
   112  0026  3478               	retlw	120	;'x'
   113  0027  3420               	retlw	32	;' '
   114  0028  343A               	retlw	58	;':'
   115  0029  3429               	retlw	41	;')'
   116  002A  3400               	retlw	0
   117  002B                     __end_of__stringdata:	
   118                           
   119                           ; #config settings
   120  0000                     
   121                           	psect	cinit
   122  07FE                     start_initialization:	
   123  07FE                     __initialization:	
   124  07FE                     end_of_initialization:	
   125                           ;End of C runtime variable initialization code
   126                           
   127  07FE                     __end_of__initialization:	
   128  07FE  0183               	clrf	3
   129  07FF  2E9B               	ljmp	_main	;jump to C main() function
   130                           
   131                           	psect	cstackCOMMON
   132  0070                     __pcstackCOMMON:	
   133  0070                     ?_lcd_send_cmd:	
   134  0070                     ?_lcd_init:	
   135                           ; 0 bytes @ 0x0
   136                           
   137  0070                     ?_pulseEnable:	
   138                           ; 0 bytes @ 0x0
   139                           
   140  0070                     ??_pulseEnable:	
   141                           ; 0 bytes @ 0x0
   142                           
   143  0070                     ?_lcd_send_dat:	
   144                           ; 0 bytes @ 0x0
   145                           
   146  0070                     ?_writeString:	
   147                           ; 0 bytes @ 0x0
   148                           
   149                           
   150                           ; 0 bytes @ 0x0
   151  0070                     	ds	1
   152  0071                     ??_lcd_send_cmd:	
   153  0071                     ??_lcd_send_dat:	
   154                           ; 0 bytes @ 0x1
   155                           
   156                           
   157                           ; 0 bytes @ 0x1
   158  0071                     	ds	2
   159  0073                     lcd_send_dat@value2:	
   160  0073                     lcd_send_cmd@value2:	
   161                           ; 1 bytes @ 0x3
   162                           
   163                           
   164                           ; 1 bytes @ 0x3
   165  0073                     	ds	1
   166  0074                     lcd_send_dat@value:	
   167  0074                     lcd_send_cmd@value:	
   168                           ; 1 bytes @ 0x4
   169                           
   170                           
   171                           ; 1 bytes @ 0x4
   172  0074                     	ds	1
   173  0075                     ??_lcd_init:	
   174  0075                     ??_writeString:	
   175                           ; 0 bytes @ 0x5
   176                           
   177                           
   178                           ; 0 bytes @ 0x5
   179  0075                     	ds	1
   180  0076                     writeString@msg:	
   181                           
   182                           ; 1 bytes @ 0x6
   183  0076                     	ds	1
   184  0077                     ?_main:	
   185  0077                     main@argc:	
   186                           ; 2 bytes @ 0x7
   187                           
   188                           
   189                           ; 2 bytes @ 0x7
   190  0077                     	ds	2
   191  0079                     main@argv:	
   192                           
   193                           ; 2 bytes @ 0x9
   194  0079                     	ds	2
   195  007B                     ??_main:	
   196                           
   197                           ; 0 bytes @ 0xB
   198  007B                     	ds	3
   199                           
   200                           	psect	cstackBANK0
   201  0020                     __pcstackBANK0:	
   202  0020                     main@i:	
   203                           
   204                           ; 1 bytes @ 0x0
   205  0020                     	ds	1
   206                           
   207                           	psect	maintext
   208  069B                     __pmaintext:	
   209 ;;
   210 ;;Main: autosize = 0, tempsize = 3, incstack = 0, save=0
   211 ;;
   212 ;; *************** function _main *****************
   213 ;; Defined at:
   214 ;;		line 111 in file "lcd_first_step_main.c"
   215 ;; Parameters:    Size  Location     Type
   216 ;;  argc            2    7[COMMON] int 
   217 ;;  argv            2    9[COMMON] PTR PTR unsigned char 
   218 ;; Auto vars:     Size  Location     Type
   219 ;;  i               1    0[BANK0 ] unsigned char 
   220 ;; Return value:  Size  Location     Type
   221 ;;                  2    7[COMMON] int 
   222 ;; Registers used:
   223 ;;		wreg, fsr0l, fsr0h, status,2, status,0, pclath, cstack
   224 ;; Tracked objects:
   225 ;;		On entry : 17F/0
   226 ;;		On exit  : 0/0
   227 ;;		Unchanged: 0/0
   228 ;; Data sizes:     COMMON   BANK0   BANK1   BANK2
   229 ;;      Params:         4       0       0       0
   230 ;;      Locals:         0       1       0       0
   231 ;;      Temps:          3       0       0       0
   232 ;;      Totals:         7       1       0       0
   233 ;;Total ram usage:        8 bytes
   234 ;; Hardware stack levels required when called:    3
   235 ;; This function calls:
   236 ;;		_lcd_init
   237 ;;		_lcd_send_cmd
   238 ;;		_writeString
   239 ;; This function is called by:
   240 ;;		Startup code after reset
   241 ;; This function uses a non-reentrant model
   242 ;;
   243                           
   244                           
   245                           ;psect for function _main
   246  069B                     _main:	
   247                           
   248                           ;lcd_first_step_main.c: 113: TRISA = 0x00;
   249                           
   250                           ;incstack = 0
   251                           ; Regs used in _main: [wreg-fsr0h+status,2+status,0+pclath+cstack]
   252  069B  1683               	bsf	3,5	;RP0=1, select bank1
   253  069C  1303               	bcf	3,6	;RP1=0, select bank1
   254  069D  0185               	clrf	5	;volatile
   255                           
   256                           ;lcd_first_step_main.c: 114: PORTA = 0x00;
   257  069E  1283               	bcf	3,5	;RP0=0, select bank0
   258  069F  1303               	bcf	3,6	;RP1=0, select bank0
   259  06A0  0185               	clrf	5	;volatile
   260                           
   261                           ;lcd_first_step_main.c: 116: TRISB = 0x00;
   262  06A1  1683               	bsf	3,5	;RP0=1, select bank1
   263  06A2  1303               	bcf	3,6	;RP1=0, select bank1
   264  06A3  0186               	clrf	6	;volatile
   265                           
   266                           ;lcd_first_step_main.c: 117: PORTB = 0x00;
   267  06A4  1283               	bcf	3,5	;RP0=0, select bank0
   268  06A5  1303               	bcf	3,6	;RP1=0, select bank0
   269  06A6  0186               	clrf	6	;volatile
   270                           
   271                           ;lcd_first_step_main.c: 118: INTCON = 0x00;
   272  06A7  018B               	clrf	11	;volatile
   273                           
   274                           ;lcd_first_step_main.c: 119: CMCON = 0b00000111;
   275  06A8  3007               	movlw	7
   276  06A9  009F               	movwf	31	;volatile
   277                           
   278                           ;lcd_first_step_main.c: 120: PIE1 = 0x00;
   279  06AA  1683               	bsf	3,5	;RP0=1, select bank1
   280  06AB  1303               	bcf	3,6	;RP1=0, select bank1
   281  06AC  018C               	clrf	12	;volatile
   282                           
   283                           ;lcd_first_step_main.c: 122: lcd_init();
   284  06AD  266A               	fcall	_lcd_init
   285  06AE                     l687:	
   286                           ;lcd_first_step_main.c: 124: while(1)
   287                           
   288                           
   289                           ;lcd_first_step_main.c: 125: {
   290                           ;lcd_first_step_main.c: 126: lcd_send_cmd(0x02);
   291  06AE  3002               	movlw	2
   292  06AF  276D               	fcall	_lcd_send_cmd
   293                           
   294                           ;lcd_first_step_main.c: 127: lcd_send_cmd(0x01);
   295  06B0  3001               	movlw	1
   296  06B1  276D               	fcall	_lcd_send_cmd
   297                           
   298                           ;lcd_first_step_main.c: 128: writeString("Hola retux :)");
   299  06B2  3017               	movlw	(STR_1-__stringbase)& (0+255)
   300  06B3  2647               	fcall	_writeString
   301                           
   302                           ;lcd_first_step_main.c: 132: lcd_send_cmd(0xC0);
   303  06B4  30C0               	movlw	192
   304  06B5  276D               	fcall	_lcd_send_cmd
   305                           
   306                           ;lcd_first_step_main.c: 133: writeString("Que te pasha...?     ");
   307  06B6  3001               	movlw	(STR_2-__stringbase)& (0+255)
   308  06B7  2647               	fcall	_writeString
   309                           
   310                           ;lcd_first_step_main.c: 136: for (char i=0; i<10; i++)
   311  06B8  1283               	bcf	3,5	;RP0=0, select bank0
   312  06B9  1303               	bcf	3,6	;RP1=0, select bank0
   313  06BA  01A0               	clrf	main@i
   314  06BB  300A               	movlw	10
   315  06BC  0220               	subwf	main@i,w
   316  06BD  1803               	btfsc	3,0
   317  06BE  2ED7               	goto	l711
   318  06BF                     l703:	
   319                           
   320                           ;lcd_first_step_main.c: 137: {
   321                           ;lcd_first_step_main.c: 138: lcd_send_cmd(0x18);
   322  06BF  3018               	movlw	24
   323  06C0  276D               	fcall	_lcd_send_cmd
   324                           
   325                           ;lcd_first_step_main.c: 139: _delay((unsigned long)((300)*(4000000/4000.0)));
   326  06C1  3002               	movlw	2
   327  06C2  00FD               	movwf	??_main+2
   328  06C3  3086               	movlw	134
   329  06C4  00FC               	movwf	??_main+1
   330  06C5  3099               	movlw	153
   331  06C6  00FB               	movwf	??_main
   332  06C7                     u277:	
   333  06C7  0BFB               	decfsz	??_main,f
   334  06C8  2EC7               	goto	u277
   335  06C9  0BFC               	decfsz	??_main+1,f
   336  06CA  2EC7               	goto	u277
   337  06CB  0BFD               	decfsz	??_main+2,f
   338  06CC  2EC7               	goto	u277
   339  06CD  3001               	movlw	1
   340  06CE  00FB               	movwf	??_main
   341  06CF  087B               	movf	??_main,w
   342  06D0  1283               	bcf	3,5	;RP0=0, select bank0
   343  06D1  1303               	bcf	3,6	;RP1=0, select bank0
   344  06D2  07A0               	addwf	main@i,f
   345  06D3  300A               	movlw	10
   346  06D4  0220               	subwf	main@i,w
   347  06D5  1C03               	skipc
   348  06D6  2EBF               	goto	l703
   349  06D7                     l711:	
   350                           
   351                           ;lcd_first_step_main.c: 140: }
   352                           ;lcd_first_step_main.c: 142: _delay((unsigned long)((3000)*(4000000/4000.0)));
   353  06D7  3010               	movlw	16
   354  06D8  00FD               	movwf	??_main+2
   355  06D9  3039               	movlw	57
   356  06DA  00FC               	movwf	??_main+1
   357  06DB  301B               	movlw	27
   358  06DC  00FB               	movwf	??_main
   359  06DD                     u287:	
   360  06DD  0BFB               	decfsz	??_main,f
   361  06DE  2EDD               	goto	u287
   362  06DF  0BFC               	decfsz	??_main+1,f
   363  06E0  2EDD               	goto	u287
   364  06E1  0BFD               	decfsz	??_main+2,f
   365  06E2  2EDD               	goto	u287
   366  06E3  2EE4               	nop2
   367  06E4  2EAE               	goto	l687
   368  06E5                     __end_of_main:	
   369                           ;lcd_first_step_main.c: 146: }
   370                           ;lcd_first_step_main.c: 148: return (0);
   371                           ;	Return value of _main is never used
   372                           
   373                           
   374                           	psect	text1
   375  0647                     __ptext1:	
   376 ;; *************** function _writeString *****************
   377 ;; Defined at:
   378 ;;		line 102 in file "lcd_first_step_main.c"
   379 ;; Parameters:    Size  Location     Type
   380 ;;  msg             1    wreg     PTR unsigned char 
   381 ;;		 -> STR_2(22), STR_1(14), 
   382 ;; Auto vars:     Size  Location     Type
   383 ;;  msg             1    6[COMMON] PTR unsigned char 
   384 ;;		 -> STR_2(22), STR_1(14), 
   385 ;; Return value:  Size  Location     Type
   386 ;;		None               void
   387 ;; Registers used:
   388 ;;		wreg, fsr0l, fsr0h, status,2, status,0, pclath, cstack
   389 ;; Tracked objects:
   390 ;;		On entry : 0/0
   391 ;;		On exit  : 0/0
   392 ;;		Unchanged: 0/0
   393 ;; Data sizes:     COMMON   BANK0   BANK1   BANK2
   394 ;;      Params:         0       0       0       0
   395 ;;      Locals:         1       0       0       0
   396 ;;      Temps:          1       0       0       0
   397 ;;      Totals:         2       0       0       0
   398 ;;Total ram usage:        2 bytes
   399 ;; Hardware stack levels used:    1
   400 ;; Hardware stack levels required when called:    2
   401 ;; This function calls:
   402 ;;		_lcd_send_dat
   403 ;; This function is called by:
   404 ;;		_main
   405 ;; This function uses a non-reentrant model
   406 ;;
   407                           
   408                           
   409                           ;psect for function _writeString
   410  0647                     _writeString:	
   411                           
   412                           ;incstack = 0
   413                           ; Regs used in _writeString: [wreg-fsr0h+status,2+status,0+pclath+cstack]
   414                           ;writeString@msg stored from wreg
   415  0647  00F6               	movwf	writeString@msg
   416  0648                     l677:	
   417                           ;lcd_first_step_main.c: 105: while(*msg!='\0')
   418                           
   419  0648  0876               	movf	writeString@msg,w
   420  0649  0084               	movwf	4
   421  064A  2001               	fcall	stringdir
   422  064B  3800               	iorlw	0
   423  064C  1903               	btfsc	3,2
   424  064D  0008               	return
   425                           
   426                           ;lcd_first_step_main.c: 106: {
   427                           ;lcd_first_step_main.c: 107: lcd_send_dat(*msg++);
   428  064E  0876               	movf	writeString@msg,w
   429  064F  0084               	movwf	4
   430  0650  2001               	fcall	stringdir
   431  0651  26E5               	fcall	_lcd_send_dat
   432  0652  3001               	movlw	1
   433  0653  00F5               	movwf	??_writeString
   434  0654  0875               	movf	??_writeString,w
   435  0655  07F6               	addwf	writeString@msg,f
   436  0656  2E48               	goto	l677
   437  0657                     __end_of_writeString:	
   438                           
   439                           	psect	text2
   440  06E5                     __ptext2:	
   441 ;; *************** function _lcd_send_dat *****************
   442 ;; Defined at:
   443 ;;		line 63 in file "lcd_first_step_main.c"
   444 ;; Parameters:    Size  Location     Type
   445 ;;  value           1    wreg     unsigned char 
   446 ;; Auto vars:     Size  Location     Type
   447 ;;  value           1    4[COMMON] unsigned char 
   448 ;;  value2          1    3[COMMON] unsigned char 
   449 ;; Return value:  Size  Location     Type
   450 ;;		None               void
   451 ;; Registers used:
   452 ;;		wreg, status,2, status,0, pclath, cstack
   453 ;; Tracked objects:
   454 ;;		On entry : 0/0
   455 ;;		On exit  : 0/0
   456 ;;		Unchanged: 0/0
   457 ;; Data sizes:     COMMON   BANK0   BANK1   BANK2
   458 ;;      Params:         0       0       0       0
   459 ;;      Locals:         2       0       0       0
   460 ;;      Temps:          2       0       0       0
   461 ;;      Totals:         4       0       0       0
   462 ;;Total ram usage:        4 bytes
   463 ;; Hardware stack levels used:    1
   464 ;; Hardware stack levels required when called:    1
   465 ;; This function calls:
   466 ;;		_pulseEnable
   467 ;; This function is called by:
   468 ;;		_writeString
   469 ;; This function uses a non-reentrant model
   470 ;;
   471                           
   472                           
   473                           ;psect for function _lcd_send_dat
   474  06E5                     _lcd_send_dat:	
   475                           
   476                           ;incstack = 0
   477                           ; Regs used in _lcd_send_dat: [wreg+status,2+status,0+pclath+cstack]
   478                           ;lcd_send_dat@value stored from wreg
   479  06E5  00F4               	movwf	lcd_send_dat@value
   480                           
   481                           ;lcd_first_step_main.c: 65: PORTBbits.RB2 = 0;
   482  06E6  1283               	bcf	3,5	;RP0=0, select bank0
   483  06E7  1303               	bcf	3,6	;RP1=0, select bank0
   484  06E8  1106               	bcf	6,2	;volatile
   485                           
   486                           ;lcd_first_step_main.c: 66: PORTBbits.RB0 = 1;
   487  06E9  1406               	bsf	6,0	;volatile
   488                           
   489                           ;lcd_first_step_main.c: 67: unsigned char value2 = (value>>4);
   490  06EA  0874               	movf	lcd_send_dat@value,w
   491  06EB  00F1               	movwf	??_lcd_send_dat
   492  06EC  3004               	movlw	4
   493  06ED                     u195:	
   494  06ED  1003               	clrc
   495  06EE  0CF1               	rrf	??_lcd_send_dat,f
   496  06EF  3EFF               	addlw	-1
   497  06F0  1D03               	skipz
   498  06F1  2EED               	goto	u195
   499  06F2  0871               	movf	??_lcd_send_dat,w
   500  06F3  00F2               	movwf	??_lcd_send_dat+1
   501  06F4  0872               	movf	??_lcd_send_dat+1,w
   502  06F5  00F3               	movwf	lcd_send_dat@value2
   503                           
   504                           ;lcd_first_step_main.c: 68: PORTAbits.RA0 = (value2 >> 0) & 0x01;
   505  06F6  3001               	movlw	1
   506  06F7  0573               	andwf	lcd_send_dat@value2,w
   507  06F8  00F1               	movwf	??_lcd_send_dat
   508  06F9  0805               	movf	5,w	;volatile
   509  06FA  0671               	xorwf	??_lcd_send_dat,w
   510  06FB  39FE               	andlw	-2
   511  06FC  0671               	xorwf	??_lcd_send_dat,w
   512  06FD  0085               	movwf	5	;volatile
   513                           
   514                           ;lcd_first_step_main.c: 69: PORTAbits.RA1 = (value2 >> 1) & 0x01;
   515  06FE  0873               	movf	lcd_send_dat@value2,w
   516  06FF  00F1               	movwf	??_lcd_send_dat
   517  0700  1003               	clrc
   518  0701  0C71               	rrf	??_lcd_send_dat,w
   519  0702  3901               	andlw	1
   520  0703  00F2               	movwf	??_lcd_send_dat+1
   521  0704  0DF2               	rlf	??_lcd_send_dat+1,f
   522  0705  0805               	movf	5,w	;volatile
   523  0706  0672               	xorwf	??_lcd_send_dat+1,w
   524  0707  39FD               	andlw	-3
   525  0708  0672               	xorwf	??_lcd_send_dat+1,w
   526  0709  0085               	movwf	5	;volatile
   527                           
   528                           ;lcd_first_step_main.c: 70: PORTAbits.RA2 = (value2 >> 2) & 0x01;
   529  070A  0873               	movf	lcd_send_dat@value2,w
   530  070B  00F1               	movwf	??_lcd_send_dat
   531  070C  3002               	movlw	2
   532  070D                     u205:	
   533  070D  1003               	clrc
   534  070E  0CF1               	rrf	??_lcd_send_dat,f
   535  070F  3EFF               	addlw	-1
   536  0710  1D03               	skipz
   537  0711  2F0D               	goto	u205
   538  0712  0871               	movf	??_lcd_send_dat,w
   539  0713  3901               	andlw	1
   540  0714  00F2               	movwf	??_lcd_send_dat+1
   541  0715  0DF2               	rlf	??_lcd_send_dat+1,f
   542  0716  0DF2               	rlf	??_lcd_send_dat+1,f
   543  0717  0805               	movf	5,w	;volatile
   544  0718  0672               	xorwf	??_lcd_send_dat+1,w
   545  0719  39FB               	andlw	-5
   546  071A  0672               	xorwf	??_lcd_send_dat+1,w
   547  071B  0085               	movwf	5	;volatile
   548                           
   549                           ;lcd_first_step_main.c: 71: PORTAbits.RA3 = (value2 >> 3) & 0x01;
   550  071C  0873               	movf	lcd_send_dat@value2,w
   551  071D  00F1               	movwf	??_lcd_send_dat
   552  071E  3003               	movlw	3
   553  071F                     u215:	
   554  071F  1003               	clrc
   555  0720  0CF1               	rrf	??_lcd_send_dat,f
   556  0721  3EFF               	addlw	-1
   557  0722  1D03               	skipz
   558  0723  2F1F               	goto	u215
   559  0724  0871               	movf	??_lcd_send_dat,w
   560  0725  3901               	andlw	1
   561  0726  00F2               	movwf	??_lcd_send_dat+1
   562  0727  0DF2               	rlf	??_lcd_send_dat+1,f
   563  0728  0DF2               	rlf	??_lcd_send_dat+1,f
   564  0729  0DF2               	rlf	??_lcd_send_dat+1,f
   565  072A  0805               	movf	5,w	;volatile
   566  072B  0672               	xorwf	??_lcd_send_dat+1,w
   567  072C  39F7               	andlw	-9
   568  072D  0672               	xorwf	??_lcd_send_dat+1,w
   569  072E  0085               	movwf	5	;volatile
   570                           
   571                           ;lcd_first_step_main.c: 72: pulseEnable();
   572  072F  2657               	fcall	_pulseEnable
   573                           
   574                           ;lcd_first_step_main.c: 74: PORTAbits.RA0 = (value >> 0) & 0x01;
   575  0730  3001               	movlw	1
   576  0731  0574               	andwf	lcd_send_dat@value,w
   577  0732  00F1               	movwf	??_lcd_send_dat
   578  0733  1283               	bcf	3,5	;RP0=0, select bank0
   579  0734  1303               	bcf	3,6	;RP1=0, select bank0
   580  0735  0805               	movf	5,w	;volatile
   581  0736  0671               	xorwf	??_lcd_send_dat,w
   582  0737  39FE               	andlw	-2
   583  0738  0671               	xorwf	??_lcd_send_dat,w
   584  0739  0085               	movwf	5	;volatile
   585                           
   586                           ;lcd_first_step_main.c: 75: PORTAbits.RA1 = (value >> 1) & 0x01;
   587  073A  0874               	movf	lcd_send_dat@value,w
   588  073B  00F1               	movwf	??_lcd_send_dat
   589  073C  1003               	clrc
   590  073D  0C71               	rrf	??_lcd_send_dat,w
   591  073E  3901               	andlw	1
   592  073F  00F2               	movwf	??_lcd_send_dat+1
   593  0740  0DF2               	rlf	??_lcd_send_dat+1,f
   594  0741  0805               	movf	5,w	;volatile
   595  0742  0672               	xorwf	??_lcd_send_dat+1,w
   596  0743  39FD               	andlw	-3
   597  0744  0672               	xorwf	??_lcd_send_dat+1,w
   598  0745  0085               	movwf	5	;volatile
   599                           
   600                           ;lcd_first_step_main.c: 76: PORTAbits.RA2 = (value >> 2) & 0x01;
   601  0746  0874               	movf	lcd_send_dat@value,w
   602  0747  00F1               	movwf	??_lcd_send_dat
   603  0748  3002               	movlw	2
   604  0749                     u225:	
   605  0749  1003               	clrc
   606  074A  0CF1               	rrf	??_lcd_send_dat,f
   607  074B  3EFF               	addlw	-1
   608  074C  1D03               	skipz
   609  074D  2F49               	goto	u225
   610  074E  0871               	movf	??_lcd_send_dat,w
   611  074F  3901               	andlw	1
   612  0750  00F2               	movwf	??_lcd_send_dat+1
   613  0751  0DF2               	rlf	??_lcd_send_dat+1,f
   614  0752  0DF2               	rlf	??_lcd_send_dat+1,f
   615  0753  0805               	movf	5,w	;volatile
   616  0754  0672               	xorwf	??_lcd_send_dat+1,w
   617  0755  39FB               	andlw	-5
   618  0756  0672               	xorwf	??_lcd_send_dat+1,w
   619  0757  0085               	movwf	5	;volatile
   620                           
   621                           ;lcd_first_step_main.c: 77: PORTAbits.RA3 = (value >> 3) & 0x01;
   622  0758  0874               	movf	lcd_send_dat@value,w
   623  0759  00F1               	movwf	??_lcd_send_dat
   624  075A  3003               	movlw	3
   625  075B                     u235:	
   626  075B  1003               	clrc
   627  075C  0CF1               	rrf	??_lcd_send_dat,f
   628  075D  3EFF               	addlw	-1
   629  075E  1D03               	skipz
   630  075F  2F5B               	goto	u235
   631  0760  0871               	movf	??_lcd_send_dat,w
   632  0761  3901               	andlw	1
   633  0762  00F2               	movwf	??_lcd_send_dat+1
   634  0763  0DF2               	rlf	??_lcd_send_dat+1,f
   635  0764  0DF2               	rlf	??_lcd_send_dat+1,f
   636  0765  0DF2               	rlf	??_lcd_send_dat+1,f
   637  0766  0805               	movf	5,w	;volatile
   638  0767  0672               	xorwf	??_lcd_send_dat+1,w
   639  0768  39F7               	andlw	-9
   640  0769  0672               	xorwf	??_lcd_send_dat+1,w
   641  076A  0085               	movwf	5	;volatile
   642                           
   643                           ;lcd_first_step_main.c: 78: pulseEnable();
   644  076B  2657               	fcall	_pulseEnable
   645  076C  0008               	return
   646  076D                     __end_of_lcd_send_dat:	
   647                           
   648                           	psect	text3
   649  066A                     __ptext3:	
   650 ;; *************** function _lcd_init *****************
   651 ;; Defined at:
   652 ;;		line 31 in file "lcd_first_step_main.c"
   653 ;; Parameters:    Size  Location     Type
   654 ;;		None
   655 ;; Auto vars:     Size  Location     Type
   656 ;;		None
   657 ;; Return value:  Size  Location     Type
   658 ;;		None               void
   659 ;; Registers used:
   660 ;;		wreg, status,2, status,0, pclath, cstack
   661 ;; Tracked objects:
   662 ;;		On entry : 0/0
   663 ;;		On exit  : 0/0
   664 ;;		Unchanged: 0/0
   665 ;; Data sizes:     COMMON   BANK0   BANK1   BANK2
   666 ;;      Params:         0       0       0       0
   667 ;;      Locals:         0       0       0       0
   668 ;;      Temps:          2       0       0       0
   669 ;;      Totals:         2       0       0       0
   670 ;;Total ram usage:        2 bytes
   671 ;; Hardware stack levels used:    1
   672 ;; Hardware stack levels required when called:    2
   673 ;; This function calls:
   674 ;;		_lcd_send_cmd
   675 ;; This function is called by:
   676 ;;		_main
   677 ;; This function uses a non-reentrant model
   678 ;;
   679                           
   680                           
   681                           ;psect for function _lcd_init
   682  066A                     _lcd_init:	
   683                           
   684                           ;lcd_first_step_main.c: 33: _delay((unsigned long)((120)*(4000000/4000.0)));
   685                           
   686                           ;incstack = 0
   687                           ; Regs used in _lcd_init: [wreg+status,2+status,0+pclath+cstack]
   688  066A  309C               	movlw	156
   689  066B  00F6               	movwf	??_lcd_init+1
   690  066C  30D7               	movlw	215
   691  066D  00F5               	movwf	??_lcd_init
   692  066E                     u297:	
   693  066E  0BF5               	decfsz	??_lcd_init,f
   694  066F  2E6E               	goto	u297
   695  0670  0BF6               	decfsz	??_lcd_init+1,f
   696  0671  2E6E               	goto	u297
   697                           
   698                           ;lcd_first_step_main.c: 34: lcd_send_cmd(0x03);
   699  0672  3003               	movlw	3
   700  0673  276D               	fcall	_lcd_send_cmd
   701                           
   702                           ;lcd_first_step_main.c: 35: _delay((unsigned long)((15)*(4000000/4000.0)));
   703  0674  3014               	movlw	20
   704  0675  00F6               	movwf	??_lcd_init+1
   705  0676  3079               	movlw	121
   706  0677  00F5               	movwf	??_lcd_init
   707  0678                     u307:	
   708  0678  0BF5               	decfsz	??_lcd_init,f
   709  0679  2E78               	goto	u307
   710  067A  0BF6               	decfsz	??_lcd_init+1,f
   711  067B  2E78               	goto	u307
   712  067C  2E7D               	nop2
   713                           
   714                           ;lcd_first_step_main.c: 36: lcd_send_cmd(0x03);
   715  067D  3003               	movlw	3
   716  067E  276D               	fcall	_lcd_send_cmd
   717                           
   718                           ;lcd_first_step_main.c: 37: _delay((unsigned long)((5)*(4000000/4000.0)));
   719  067F  3007               	movlw	7
   720  0680  00F6               	movwf	??_lcd_init+1
   721  0681  307D               	movlw	125
   722  0682  00F5               	movwf	??_lcd_init
   723  0683                     u317:	
   724  0683  0BF5               	decfsz	??_lcd_init,f
   725  0684  2E83               	goto	u317
   726  0685  0BF6               	decfsz	??_lcd_init+1,f
   727  0686  2E83               	goto	u317
   728                           
   729                           ;lcd_first_step_main.c: 38: lcd_send_cmd(0x03);
   730  0687  3003               	movlw	3
   731  0688  276D               	fcall	_lcd_send_cmd
   732                           
   733                           ;lcd_first_step_main.c: 39: _delay((unsigned long)((50)*(4000000/4000000.0)));
   734  0689  3010               	movlw	16
   735  068A  00F5               	movwf	??_lcd_init
   736  068B                     u327:	
   737  068B  0BF5               	decfsz	??_lcd_init,f
   738  068C  2E8B               	goto	u327
   739  068D  0000               	nop
   740                           
   741                           ;lcd_first_step_main.c: 40: lcd_send_cmd(0x02);
   742  068E  3002               	movlw	2
   743  068F  276D               	fcall	_lcd_send_cmd
   744                           
   745                           ;lcd_first_step_main.c: 41: lcd_send_cmd(0x28);
   746  0690  3028               	movlw	40
   747  0691  276D               	fcall	_lcd_send_cmd
   748                           
   749                           ;lcd_first_step_main.c: 42: lcd_send_cmd(0x08);
   750  0692  3008               	movlw	8
   751  0693  276D               	fcall	_lcd_send_cmd
   752                           
   753                           ;lcd_first_step_main.c: 43: lcd_send_cmd(0x01);
   754  0694  3001               	movlw	1
   755  0695  276D               	fcall	_lcd_send_cmd
   756                           
   757                           ;lcd_first_step_main.c: 44: lcd_send_cmd(0x0C);
   758  0696  300C               	movlw	12
   759  0697  276D               	fcall	_lcd_send_cmd
   760                           
   761                           ;lcd_first_step_main.c: 47: lcd_send_cmd(0x07);
   762  0698  3007               	movlw	7
   763  0699  276D               	fcall	_lcd_send_cmd
   764  069A  0008               	return
   765  069B                     __end_of_lcd_init:	
   766                           
   767                           	psect	text4
   768  076D                     __ptext4:	
   769 ;; *************** function _lcd_send_cmd *****************
   770 ;; Defined at:
   771 ;;		line 81 in file "lcd_first_step_main.c"
   772 ;; Parameters:    Size  Location     Type
   773 ;;  value           1    wreg     unsigned char 
   774 ;; Auto vars:     Size  Location     Type
   775 ;;  value           1    4[COMMON] unsigned char 
   776 ;;  value2          1    3[COMMON] unsigned char 
   777 ;; Return value:  Size  Location     Type
   778 ;;		None               void
   779 ;; Registers used:
   780 ;;		wreg, status,2, status,0, pclath, cstack
   781 ;; Tracked objects:
   782 ;;		On entry : 0/0
   783 ;;		On exit  : 0/0
   784 ;;		Unchanged: 0/0
   785 ;; Data sizes:     COMMON   BANK0   BANK1   BANK2
   786 ;;      Params:         0       0       0       0
   787 ;;      Locals:         2       0       0       0
   788 ;;      Temps:          2       0       0       0
   789 ;;      Totals:         4       0       0       0
   790 ;;Total ram usage:        4 bytes
   791 ;; Hardware stack levels used:    1
   792 ;; Hardware stack levels required when called:    1
   793 ;; This function calls:
   794 ;;		_pulseEnable
   795 ;; This function is called by:
   796 ;;		_lcd_init
   797 ;;		_main
   798 ;; This function uses a non-reentrant model
   799 ;;
   800                           
   801                           
   802                           ;psect for function _lcd_send_cmd
   803  076D                     _lcd_send_cmd:	
   804                           
   805                           ;incstack = 0
   806                           ; Regs used in _lcd_send_cmd: [wreg+status,2+status,0+pclath+cstack]
   807                           ;lcd_send_cmd@value stored from wreg
   808  076D  00F4               	movwf	lcd_send_cmd@value
   809                           
   810                           ;lcd_first_step_main.c: 83: PORTBbits.RB2 = 0;
   811  076E  1283               	bcf	3,5	;RP0=0, select bank0
   812  076F  1303               	bcf	3,6	;RP1=0, select bank0
   813  0770  1106               	bcf	6,2	;volatile
   814                           
   815                           ;lcd_first_step_main.c: 84: PORTBbits.RB0 = 0;
   816  0771  1006               	bcf	6,0	;volatile
   817                           
   818                           ;lcd_first_step_main.c: 85: unsigned char value2 = (value>>4);
   819  0772  0874               	movf	lcd_send_cmd@value,w
   820  0773  00F1               	movwf	??_lcd_send_cmd
   821  0774  3004               	movlw	4
   822  0775                     u145:	
   823  0775  1003               	clrc
   824  0776  0CF1               	rrf	??_lcd_send_cmd,f
   825  0777  3EFF               	addlw	-1
   826  0778  1D03               	skipz
   827  0779  2F75               	goto	u145
   828  077A  0871               	movf	??_lcd_send_cmd,w
   829  077B  00F2               	movwf	??_lcd_send_cmd+1
   830  077C  0872               	movf	??_lcd_send_cmd+1,w
   831  077D  00F3               	movwf	lcd_send_cmd@value2
   832                           
   833                           ;lcd_first_step_main.c: 87: PORTAbits.RA0 = (value2 >> 0) & 0x01;
   834  077E  3001               	movlw	1
   835  077F  0573               	andwf	lcd_send_cmd@value2,w
   836  0780  00F1               	movwf	??_lcd_send_cmd
   837  0781  0805               	movf	5,w	;volatile
   838  0782  0671               	xorwf	??_lcd_send_cmd,w
   839  0783  39FE               	andlw	-2
   840  0784  0671               	xorwf	??_lcd_send_cmd,w
   841  0785  0085               	movwf	5	;volatile
   842                           
   843                           ;lcd_first_step_main.c: 88: PORTAbits.RA1 = (value2 >> 1) & 0x01;
   844  0786  0873               	movf	lcd_send_cmd@value2,w
   845  0787  00F1               	movwf	??_lcd_send_cmd
   846  0788  1003               	clrc
   847  0789  0C71               	rrf	??_lcd_send_cmd,w
   848  078A  3901               	andlw	1
   849  078B  00F2               	movwf	??_lcd_send_cmd+1
   850  078C  0DF2               	rlf	??_lcd_send_cmd+1,f
   851  078D  0805               	movf	5,w	;volatile
   852  078E  0672               	xorwf	??_lcd_send_cmd+1,w
   853  078F  39FD               	andlw	-3
   854  0790  0672               	xorwf	??_lcd_send_cmd+1,w
   855  0791  0085               	movwf	5	;volatile
   856                           
   857                           ;lcd_first_step_main.c: 89: PORTAbits.RA2 = (value2 >> 2) & 0x01;
   858  0792  0873               	movf	lcd_send_cmd@value2,w
   859  0793  00F1               	movwf	??_lcd_send_cmd
   860  0794  3002               	movlw	2
   861  0795                     u155:	
   862  0795  1003               	clrc
   863  0796  0CF1               	rrf	??_lcd_send_cmd,f
   864  0797  3EFF               	addlw	-1
   865  0798  1D03               	skipz
   866  0799  2F95               	goto	u155
   867  079A  0871               	movf	??_lcd_send_cmd,w
   868  079B  3901               	andlw	1
   869  079C  00F2               	movwf	??_lcd_send_cmd+1
   870  079D  0DF2               	rlf	??_lcd_send_cmd+1,f
   871  079E  0DF2               	rlf	??_lcd_send_cmd+1,f
   872  079F  0805               	movf	5,w	;volatile
   873  07A0  0672               	xorwf	??_lcd_send_cmd+1,w
   874  07A1  39FB               	andlw	-5
   875  07A2  0672               	xorwf	??_lcd_send_cmd+1,w
   876  07A3  0085               	movwf	5	;volatile
   877                           
   878                           ;lcd_first_step_main.c: 90: PORTAbits.RA3 = (value2 >> 3) & 0x01;
   879  07A4  0873               	movf	lcd_send_cmd@value2,w
   880  07A5  00F1               	movwf	??_lcd_send_cmd
   881  07A6  3003               	movlw	3
   882  07A7                     u165:	
   883  07A7  1003               	clrc
   884  07A8  0CF1               	rrf	??_lcd_send_cmd,f
   885  07A9  3EFF               	addlw	-1
   886  07AA  1D03               	skipz
   887  07AB  2FA7               	goto	u165
   888  07AC  0871               	movf	??_lcd_send_cmd,w
   889  07AD  3901               	andlw	1
   890  07AE  00F2               	movwf	??_lcd_send_cmd+1
   891  07AF  0DF2               	rlf	??_lcd_send_cmd+1,f
   892  07B0  0DF2               	rlf	??_lcd_send_cmd+1,f
   893  07B1  0DF2               	rlf	??_lcd_send_cmd+1,f
   894  07B2  0805               	movf	5,w	;volatile
   895  07B3  0672               	xorwf	??_lcd_send_cmd+1,w
   896  07B4  39F7               	andlw	-9
   897  07B5  0672               	xorwf	??_lcd_send_cmd+1,w
   898  07B6  0085               	movwf	5	;volatile
   899                           
   900                           ;lcd_first_step_main.c: 91: pulseEnable();
   901  07B7  2657               	fcall	_pulseEnable
   902                           
   903                           ;lcd_first_step_main.c: 93: PORTAbits.RA0 = (value >> 0) & 0x01;
   904  07B8  3001               	movlw	1
   905  07B9  0574               	andwf	lcd_send_cmd@value,w
   906  07BA  00F1               	movwf	??_lcd_send_cmd
   907  07BB  1283               	bcf	3,5	;RP0=0, select bank0
   908  07BC  1303               	bcf	3,6	;RP1=0, select bank0
   909  07BD  0805               	movf	5,w	;volatile
   910  07BE  0671               	xorwf	??_lcd_send_cmd,w
   911  07BF  39FE               	andlw	-2
   912  07C0  0671               	xorwf	??_lcd_send_cmd,w
   913  07C1  0085               	movwf	5	;volatile
   914                           
   915                           ;lcd_first_step_main.c: 94: PORTAbits.RA1 = (value >> 1) & 0x01;
   916  07C2  0874               	movf	lcd_send_cmd@value,w
   917  07C3  00F1               	movwf	??_lcd_send_cmd
   918  07C4  1003               	clrc
   919  07C5  0C71               	rrf	??_lcd_send_cmd,w
   920  07C6  3901               	andlw	1
   921  07C7  00F2               	movwf	??_lcd_send_cmd+1
   922  07C8  0DF2               	rlf	??_lcd_send_cmd+1,f
   923  07C9  0805               	movf	5,w	;volatile
   924  07CA  0672               	xorwf	??_lcd_send_cmd+1,w
   925  07CB  39FD               	andlw	-3
   926  07CC  0672               	xorwf	??_lcd_send_cmd+1,w
   927  07CD  0085               	movwf	5	;volatile
   928                           
   929                           ;lcd_first_step_main.c: 95: PORTAbits.RA2 = (value >> 2) & 0x01;
   930  07CE  0874               	movf	lcd_send_cmd@value,w
   931  07CF  00F1               	movwf	??_lcd_send_cmd
   932  07D0  3002               	movlw	2
   933  07D1                     u175:	
   934  07D1  1003               	clrc
   935  07D2  0CF1               	rrf	??_lcd_send_cmd,f
   936  07D3  3EFF               	addlw	-1
   937  07D4  1D03               	skipz
   938  07D5  2FD1               	goto	u175
   939  07D6  0871               	movf	??_lcd_send_cmd,w
   940  07D7  3901               	andlw	1
   941  07D8  00F2               	movwf	??_lcd_send_cmd+1
   942  07D9  0DF2               	rlf	??_lcd_send_cmd+1,f
   943  07DA  0DF2               	rlf	??_lcd_send_cmd+1,f
   944  07DB  0805               	movf	5,w	;volatile
   945  07DC  0672               	xorwf	??_lcd_send_cmd+1,w
   946  07DD  39FB               	andlw	-5
   947  07DE  0672               	xorwf	??_lcd_send_cmd+1,w
   948  07DF  0085               	movwf	5	;volatile
   949                           
   950                           ;lcd_first_step_main.c: 96: PORTAbits.RA3 = (value >> 3) & 0x01;
   951  07E0  0874               	movf	lcd_send_cmd@value,w
   952  07E1  00F1               	movwf	??_lcd_send_cmd
   953  07E2  3003               	movlw	3
   954  07E3                     u185:	
   955  07E3  1003               	clrc
   956  07E4  0CF1               	rrf	??_lcd_send_cmd,f
   957  07E5  3EFF               	addlw	-1
   958  07E6  1D03               	skipz
   959  07E7  2FE3               	goto	u185
   960  07E8  0871               	movf	??_lcd_send_cmd,w
   961  07E9  3901               	andlw	1
   962  07EA  00F2               	movwf	??_lcd_send_cmd+1
   963  07EB  0DF2               	rlf	??_lcd_send_cmd+1,f
   964  07EC  0DF2               	rlf	??_lcd_send_cmd+1,f
   965  07ED  0DF2               	rlf	??_lcd_send_cmd+1,f
   966  07EE  0805               	movf	5,w	;volatile
   967  07EF  0672               	xorwf	??_lcd_send_cmd+1,w
   968  07F0  39F7               	andlw	-9
   969  07F1  0672               	xorwf	??_lcd_send_cmd+1,w
   970  07F2  0085               	movwf	5	;volatile
   971                           
   972                           ;lcd_first_step_main.c: 98: pulseEnable();
   973  07F3  2657               	fcall	_pulseEnable
   974                           
   975                           ;lcd_first_step_main.c: 99: _delay((unsigned long)((10)*(4000000/4000.0)));
   976  07F4  300D               	movlw	13
   977  07F5  00F2               	movwf	??_lcd_send_cmd+1
   978  07F6  30FB               	movlw	251
   979  07F7  00F1               	movwf	??_lcd_send_cmd
   980  07F8                     u337:	
   981  07F8  0BF1               	decfsz	??_lcd_send_cmd,f
   982  07F9  2FF8               	goto	u337
   983  07FA  0BF2               	decfsz	??_lcd_send_cmd+1,f
   984  07FB  2FF8               	goto	u337
   985  07FC  2FFD               	nop2
   986  07FD  0008               	return
   987  07FE                     __end_of_lcd_send_cmd:	
   988                           
   989                           	psect	text5
   990  0657                     __ptext5:	
   991 ;; *************** function _pulseEnable *****************
   992 ;; Defined at:
   993 ;;		line 53 in file "lcd_first_step_main.c"
   994 ;; Parameters:    Size  Location     Type
   995 ;;		None
   996 ;; Auto vars:     Size  Location     Type
   997 ;;		None
   998 ;; Return value:  Size  Location     Type
   999 ;;		None               void
  1000 ;; Registers used:
  1001 ;;		wreg
  1002 ;; Tracked objects:
  1003 ;;		On entry : 0/0
  1004 ;;		On exit  : 0/0
  1005 ;;		Unchanged: 0/0
  1006 ;; Data sizes:     COMMON   BANK0   BANK1   BANK2
  1007 ;;      Params:         0       0       0       0
  1008 ;;      Locals:         0       0       0       0
  1009 ;;      Temps:          1       0       0       0
  1010 ;;      Totals:         1       0       0       0
  1011 ;;Total ram usage:        1 bytes
  1012 ;; Hardware stack levels used:    1
  1013 ;; This function calls:
  1014 ;;		Nothing
  1015 ;; This function is called by:
  1016 ;;		_lcd_send_dat
  1017 ;;		_lcd_send_cmd
  1018 ;; This function uses a non-reentrant model
  1019 ;;
  1020                           
  1021                           
  1022                           ;psect for function _pulseEnable
  1023  0657                     _pulseEnable:	
  1024                           
  1025                           ;lcd_first_step_main.c: 55: PORTBbits.RB2 = 0;
  1026                           
  1027                           ;incstack = 0
  1028                           ; Regs used in _pulseEnable: [wreg]
  1029  0657  1283               	bcf	3,5	;RP0=0, select bank0
  1030  0658  1303               	bcf	3,6	;RP1=0, select bank0
  1031  0659  1106               	bcf	6,2	;volatile
  1032                           
  1033                           ;lcd_first_step_main.c: 56: _delay((unsigned long)((3)*(4000000/4000000.0)));
  1034  065A  2E5B               	nop2	;2 cycle nop
  1035  065B  0000               	nop
  1036                           
  1037                           ;lcd_first_step_main.c: 57: PORTBbits.RB2 = 1;
  1038  065C  1283               	bcf	3,5	;RP0=0, select bank0
  1039  065D  1303               	bcf	3,6	;RP1=0, select bank0
  1040  065E  1506               	bsf	6,2	;volatile
  1041                           
  1042                           ;lcd_first_step_main.c: 58: _delay((unsigned long)((3)*(4000000/4000000.0)));
  1043  065F  2E60               	nop2	;2 cycle nop
  1044  0660  0000               	nop
  1045                           
  1046                           ;lcd_first_step_main.c: 59: PORTBbits.RB2 = 0;
  1047  0661  1283               	bcf	3,5	;RP0=0, select bank0
  1048  0662  1303               	bcf	3,6	;RP1=0, select bank0
  1049  0663  1106               	bcf	6,2	;volatile
  1050                           
  1051                           ;lcd_first_step_main.c: 60: _delay((unsigned long)((200)*(4000000/4000000.0)));
  1052  0664  3042               	movlw	66
  1053  0665  00F0               	movwf	??_pulseEnable
  1054  0666                     u347:	
  1055  0666  0BF0               	decfsz	??_pulseEnable,f
  1056  0667  2E66               	goto	u347
  1057  0668  0000               	nop
  1058  0669  0008               	return
  1059  066A                     __end_of_pulseEnable:	
  1060  007E                     btemp	set	126	;btemp
  1061  007E                     wtemp	set	126
  1062  007E                     wtemp0	set	126
  1063  0080                     wtemp1	set	128
  1064  0082                     wtemp2	set	130
  1065  0084                     wtemp3	set	132
  1066  0086                     wtemp4	set	134
  1067  0088                     wtemp5	set	136
  1068  007F                     wtemp6	set	127
  1069  007E                     ttemp	set	126
  1070  007E                     ttemp0	set	126
  1071  0081                     ttemp1	set	129
  1072  0084                     ttemp2	set	132
  1073  0087                     ttemp3	set	135
  1074  007F                     ttemp4	set	127
  1075  007E                     ltemp	set	126
  1076  007E                     ltemp0	set	126
  1077  0082                     ltemp1	set	130
  1078  0086                     ltemp2	set	134
  1079  0080                     ltemp3	set	128


Data Sizes:
    Strings     36
    Constant    0
    Data        0
    BSS         0
    Persistent  0
    Stack       0

Auto Spaces:
    Space          Size  Autos    Used
    COMMON           14     14      14
    BANK0            80      1       1
    BANK1            80      0       0
    BANK2            48      0       0

Pointer List with Targets:

    writeString@msg	PTR unsigned char  size(1) Largest target is 22
		 -> STR_2(CODE[22]), STR_1(CODE[14]), 


Critical Paths under _main in COMMON

    _main->_lcd_init
    _main->_writeString
    _writeString->_lcd_send_dat
    _lcd_send_dat->_pulseEnable
    _lcd_init->_lcd_send_cmd
    _lcd_send_cmd->_pulseEnable

Critical Paths under _main in BANK0

    None.

Critical Paths under _main in BANK1

    None.

Critical Paths under _main in BANK2

    None.

Call Graph Tables:

 ---------------------------------------------------------------------------------
 (Depth) Function   	        Calls       Base Space   Used Autos Params    Refs
 ---------------------------------------------------------------------------------
 (0) _main                                                 8     4      4     748
                                              7 COMMON     7     3      4
                                              0 BANK0      1     1      0
                           _lcd_init
                       _lcd_send_cmd
                        _writeString
 ---------------------------------------------------------------------------------
 (1) _writeString                                          2     2      0     304
                                              5 COMMON     2     2      0
                       _lcd_send_dat
 ---------------------------------------------------------------------------------
 (2) _lcd_send_dat                                         4     4      0     199
                                              1 COMMON     4     4      0
                        _pulseEnable
 ---------------------------------------------------------------------------------
 (1) _lcd_init                                             2     2      0     199
                                              5 COMMON     2     2      0
                       _lcd_send_cmd
 ---------------------------------------------------------------------------------
 (1) _lcd_send_cmd                                         4     4      0     199
                                              1 COMMON     4     4      0
                        _pulseEnable
 ---------------------------------------------------------------------------------
 (3) _pulseEnable                                          1     1      0       0
                                              0 COMMON     1     1      0
 ---------------------------------------------------------------------------------
 Estimated maximum stack depth 3
 ---------------------------------------------------------------------------------

 Call Graph Graphs:

 _main (ROOT)
   _lcd_init
     _lcd_send_cmd
       _pulseEnable
   _lcd_send_cmd
     _pulseEnable
   _writeString
     _lcd_send_dat
       _pulseEnable

 Address spaces:
Name               Size   Autos  Total    Cost      Usage
BITCOMMON            E      0       0       0        0.0%
EEDATA              80      0       0       0        0.0%
NULL                 0      0       0       0        0.0%
CODE                 0      0       0       0        0.0%
COMMON               E      E       E       1      100.0%
BITSFR0              0      0       0       1        0.0%
SFR0                 0      0       0       1        0.0%
BITSFR1              0      0       0       2        0.0%
SFR1                 0      0       0       2        0.0%
STACK                0      0       0       2        0.0%
BANK0               50      1       1       3        1.2%
BITSFR3              0      0       0       4        0.0%
SFR3                 0      0       0       4        0.0%
ABS                  0      0       0       4        0.0%
BITBANK0            50      0       0       5        0.0%
BITSFR2              0      0       0       5        0.0%
SFR2                 0      0       0       5        0.0%
BITBANK1            50      0       0       6        0.0%
BANK1               50      0       0       7        0.0%
BITBANK2            30      0       0       8        0.0%
BANK2               30      0       0       9        0.0%
DATA                 0      0       0      10        0.0%


Microchip Technology PIC Macro Assembler V1.30 build 55553 
Symbol Table                                                                                   Thu May 29 02:01:30 2014

          ?_lcd_send_dat 0070            ?_lcd_send_cmd 0070                        pc 0002  
            __CFG_CP$OFF 0000                       fsr 0004              __CFG_LVP$ON 0000  
                    l711 06D7                      l703 06BF                      l677 0648  
                    l687 06AE                      u205 070D                      u215 071F  
                    u145 0775                      u225 0749                      u155 0795  
                    u307 0678                      u235 075B                      u165 07A7  
                    u317 0683                      u175 07D1                      u327 068B  
                    u337 07F8                      u185 07E3             __CFG_CPD$OFF 0000  
                    u347 0666                      u195 06ED                      u277 06C7  
                    u287 06DD                      u297 066E                      fsr0 0004  
           __CFG_FOSC$XT 0000                     STR_1 001D             __CFG_WDTE$ON 0000  
                   STR_2 0007                     _PIE1 008C                     _main 069B  
                   btemp 007E            __CFG_BOREN$ON 0000                     ltemp 007E  
                   start 0000                     ttemp 007E                     wtemp 007E  
          __CFG_MCLRE$ON 0000           ??_lcd_send_dat 0071           ??_lcd_send_cmd 0071  
         writeString@msg 0076                    ?_main 0077                    _CMCON 001F  
                  _PORTA 0005                    _PORTB 0006                    _TRISA 0085  
                  _TRISB 0086              _writeString 0647                    main@i 0020  
                  pclath 000A                    ltemp0 007E                    ltemp1 0082  
                  ltemp2 0086                    ltemp3 0080                    ttemp0 007E  
                  ttemp1 0081                    ttemp2 0084                    ttemp3 0087  
                  ttemp4 007F                    status 0003                    wtemp0 007E  
                  wtemp1 0080                    wtemp2 0082                    wtemp3 0084  
                  wtemp4 0086                    wtemp5 0088                    wtemp6 007F  
        __initialization 07FE             __end_of_main 06E5                   ??_main 007B  
                 _INTCON 000B           __CFG_PWRTE$OFF 0000         __end_of_lcd_init 069B  
   __end_of_lcd_send_dat 076D     __end_of_lcd_send_cmd 07FE  __end_of__initialization 07FE  
           ?_pulseEnable 0070       lcd_send_dat@value2 0073           __pcstackCOMMON 0070  
     lcd_send_cmd@value2 0073               __pmaintext 069B             ?_writeString 0070  
              ?_lcd_init 0070               __stringtab 0001                  __ptext1 0647  
                __ptext2 06E5                  __ptext3 066A                  __ptext4 076D  
                __ptext5 0657    __size_of_lcd_send_dat 0088    __size_of_lcd_send_cmd 0091  
             ??_lcd_init 0075     end_of_initialization 07FE             _lcd_send_dat 06E5  
           _lcd_send_cmd 076D     __size_of_pulseEnable 0013                _PORTAbits 0005  
              _PORTBbits 0006      start_initialization 07FE     __size_of_writeString 0010  
              ___latbits 0000            __pcstackBANK0 0020        lcd_send_dat@value 0074  
    __end_of__stringdata 002B        lcd_send_cmd@value 0074        __size_of_lcd_init 0031  
              __pstrings 0001              __stringbase 0006              __stringdata 0007  
          ??_pulseEnable 0070       __end_of__stringtab 0007                 _lcd_init 066A  
          __size_of_main 004A                 main@argc 0077                 main@argv 0079  
    __end_of_pulseEnable 066A            ??_writeString 0075                stringcode 0001  
               stringdir 0001                 stringtab 0001      __end_of_writeString 0657  
            _pulseEnable 0657  
