

Microchip Technology PIC LITE Macro Assembler V1.30 build 55553 
                                                                                               Sun Apr  6 02:54:13 2014

Microchip Technology Omniscient Code Generator (Lite mode) build 55553
     1                           	processor	16F628A
     2                           	opt	pw 120
     3                           	opt	lm
     4                           	psect	text0,local,class=CODE,merge=1,delta=2
     5                           	psect	cinit,global,class=CODE,merge=1,delta=2
     6                           	psect	bssCOMMON,global,class=COMMON,space=1,delta=1
     7                           	psect	cstackCOMMON,global,class=COMMON,space=1,delta=1
     8                           	psect	maintext,global,class=CODE,split=1,delta=2
     9                           	psect	text1,local,class=CODE,merge=1,delta=2
    10                           	psect	intentry,global,class=CODE,delta=2
    11                           	dabs	1,0x7E,2
    12  0000                     	;# 
    13  0001                     	;# 
    14  0002                     	;# 
    15  0003                     	;# 
    16  0004                     	;# 
    17  0005                     	;# 
    18  0006                     	;# 
    19  000A                     	;# 
    20  000B                     	;# 
    21  000C                     	;# 
    22  000E                     	;# 
    23  000E                     	;# 
    24  000F                     	;# 
    25  0010                     	;# 
    26  0011                     	;# 
    27  0012                     	;# 
    28  0015                     	;# 
    29  0015                     	;# 
    30  0016                     	;# 
    31  0017                     	;# 
    32  0018                     	;# 
    33  0019                     	;# 
    34  001A                     	;# 
    35  001F                     	;# 
    36  0081                     	;# 
    37  0085                     	;# 
    38  0086                     	;# 
    39  008C                     	;# 
    40  008E                     	;# 
    41  0092                     	;# 
    42  0098                     	;# 
    43  0099                     	;# 
    44  009A                     	;# 
    45  009B                     	;# 
    46  009C                     	;# 
    47  009D                     	;# 
    48  009F                     	;# 
    49  000B                     _INTCON	set	11
    50  000B                     _INTCONbits	set	11
    51  0006                     _PORTB	set	6
    52  0001                     _TMR0	set	1
    53  0081                     _OPTION_REG	set	129
    54  0086                     _TRISB	set	134
    55                           
    56                           	psect	text0
    57  0000                     __ptext0:	
    58                           ; #config settings
    59                           
    60                           
    61                           ;psect for function _ISR
    62  0000                     
    63                           	psect	cinit
    64  0011                     start_initialization:	
    65  0011                     __initialization:	
    66                           
    67                           ; Clear objects allocated to COMMON
    68  0011  01F8               	clrf	__pbssCOMMON& (0+127)
    69  0012  01F9               	clrf	(__pbssCOMMON+1)& (0+127)
    70  0013  01FA               	clrf	(__pbssCOMMON+2)& (0+127)
    71  0014  01FB               	clrf	(__pbssCOMMON+3)& (0+127)
    72  0015                     end_of_initialization:	
    73                           ;End of C runtime variable initialization code
    74                           
    75  0015                     __end_of__initialization:	
    76  0015  0183               	clrf	3
    77  0016  2836               	ljmp	_main	;jump to C main() function
    78                           
    79                           	psect	bssCOMMON
    80  0078                     __pbssCOMMON:	
    81  0078                     _cnt:	
    82  0078                     	ds	2
    83  007A                     _num:	
    84  007A                     	ds	2
    85                           
    86                           	psect	cstackCOMMON
    87  0070                     __pcstackCOMMON:	
    88  0070                     ?_ISR:	
    89  0070                     ??_ISR:	
    90                           ; 0 bytes @ 0x0
    91                           
    92                           
    93                           ; 0 bytes @ 0x0
    94  0070                     	ds	4
    95  0074                     ?_main:	
    96  0074                     main@argc:	
    97                           ; 2 bytes @ 0x4
    98                           
    99                           
   100                           ; 2 bytes @ 0x4
   101  0074                     	ds	2
   102  0076                     main@argv:	
   103                           
   104                           ; 2 bytes @ 0x6
   105  0076                     	ds	2
   106  0078                     ??_main:	
   107                           
   108                           	psect	maintext
   109  0036                     __pmaintext:	
   110                           ; 0 bytes @ 0x8
   111 ;;
   112 ;;Main: autosize = 0, tempsize = 0, incstack = 0, save=0
   113 ;;
   114 ;; *************** function _main *****************
   115 ;; Defined at:
   116 ;;		line 45 in file "timer0_primero.c"
   117 ;; Parameters:    Size  Location     Type
   118 ;;  argc            2    4[COMMON] int 
   119 ;;  argv            2    6[COMMON] PTR PTR unsigned char 
   120 ;; Auto vars:     Size  Location     Type
   121 ;;		None
   122 ;; Return value:  Size  Location     Type
   123 ;;                  2    4[COMMON] int 
   124 ;; Registers used:
   125 ;;		wreg, status,2
   126 ;; Tracked objects:
   127 ;;		On entry : 17F/0
   128 ;;		On exit  : 0/0
   129 ;;		Unchanged: 0/0
   130 ;; Data sizes:     COMMON   BANK0   BANK1   BANK2
   131 ;;      Params:         4       0       0       0
   132 ;;      Locals:         0       0       0       0
   133 ;;      Temps:          0       0       0       0
   134 ;;      Totals:         4       0       0       0
   135 ;;Total ram usage:        4 bytes
   136 ;; Hardware stack levels required when called:    1
   137 ;; This function calls:
   138 ;;		Nothing
   139 ;; This function is called by:
   140 ;;		Startup code after reset
   141 ;; This function uses a non-reentrant model
   142 ;;
   143                           
   144                           
   145                           ;psect for function _main
   146  0036                     _main:	
   147                           
   148                           ;timer0_primero.c: 49: cnt = 0;
   149                           
   150                           ;incstack = 0
   151                           ; Regs used in _main: [wreg+status,2]
   152  0036  01F8               	clrf	_cnt
   153  0037  01F9               	clrf	_cnt+1
   154                           
   155                           ;timer0_primero.c: 50: num = 0;
   156  0038  01FA               	clrf	_num
   157  0039  01FB               	clrf	_num+1
   158                           
   159                           ;timer0_primero.c: 51: TRISB = 0;
   160  003A  1683               	bsf	3,5	;RP0=1, select bank1
   161  003B  1303               	bcf	3,6	;RP1=0, select bank1
   162  003C  0186               	clrf	6	;volatile
   163                           
   164                           ;timer0_primero.c: 52: PORTB = 0;
   165  003D  1283               	bcf	3,5	;RP0=0, select bank0
   166  003E  1303               	bcf	3,6	;RP1=0, select bank0
   167  003F  0186               	clrf	6	;volatile
   168                           
   169                           ;timer0_primero.c: 53: TMR0 = 0;
   170  0040  0181               	clrf	1	;volatile
   171                           
   172                           ;timer0_primero.c: 54: OPTION_REG = 0x0f;
   173  0041  300F               	movlw	15
   174  0042  1683               	bsf	3,5	;RP0=1, select bank1
   175  0043  1303               	bcf	3,6	;RP1=0, select bank1
   176  0044  0081               	movwf	1	;volatile
   177                           
   178                           ;timer0_primero.c: 55: INTCON = 0xA0;
   179  0045  30A0               	movlw	160
   180  0046  008B               	movwf	11	;volatile
   181  0047                     l496:	
   182                           ;timer0_primero.c: 58: do
   183                           
   184                           
   185                           ;timer0_primero.c: 59: {
   186                           ;timer0_primero.c: 60: PORTB = cnt;
   187  0047  0878               	movf	_cnt,w
   188  0048  1283               	bcf	3,5	;RP0=0, select bank0
   189  0049  0086               	movwf	6	;volatile
   190                           
   191                           ;timer0_primero.c: 61: } while ( PORTB < 0x0f);
   192  004A  300F               	movlw	15
   193  004B  0206               	subwf	6,w	;volatile
   194  004C  1C03               	skipc
   195  004D  2847               	goto	l496
   196                           
   197                           ;timer0_primero.c: 63: return (0);
   198                           ;	Return value of _main is never used
   199  004E  2810               	ljmp	start
   200  004F                     __end_of_main:	
   201                           
   202                           	psect	text1
   203  0017                     __ptext1:	
   204 ;; *************** function _ISR *****************
   205 ;; Defined at:
   206 ;;		line 33 in file "timer0_primero.c"
   207 ;; Parameters:    Size  Location     Type
   208 ;;		None
   209 ;; Auto vars:     Size  Location     Type
   210 ;;		None
   211 ;; Return value:  Size  Location     Type
   212 ;;		None               void
   213 ;; Registers used:
   214 ;;		wreg, status,2
   215 ;; Tracked objects:
   216 ;;		On entry : 0/0
   217 ;;		On exit  : 0/0
   218 ;;		Unchanged: 0/0
   219 ;; Data sizes:     COMMON   BANK0   BANK1   BANK2
   220 ;;      Params:         0       0       0       0
   221 ;;      Locals:         0       0       0       0
   222 ;;      Temps:          4       0       0       0
   223 ;;      Totals:         4       0       0       0
   224 ;;Total ram usage:        4 bytes
   225 ;; Hardware stack levels used:    1
   226 ;; This function calls:
   227 ;;		Nothing
   228 ;; This function is called by:
   229 ;;		Interrupt level 1
   230 ;; This function uses a non-reentrant model
   231 ;;
   232                           
   233                           
   234                           ;psect for function _ISR
   235  0017                     _ISR:	
   236                           
   237                           ;timer0_primero.c: 35: num++;
   238  0017  3001               	movlw	1
   239  0018  07FA               	addwf	_num,f
   240  0019  1803               	skipnc
   241  001A  0AFB               	incf	_num+1,f
   242  001B  3000               	movlw	0
   243  001C  07FB               	addwf	_num+1,f
   244                           
   245                           ;timer0_primero.c: 36: if ( num == 30 )
   246  001D  301E               	movlw	30
   247  001E  067A               	xorwf	_num,w
   248  001F  047B               	iorwf	_num+1,w
   249  0020  1D03               	skipz
   250  0021  282A               	goto	i1l488
   251                           
   252                           ;timer0_primero.c: 37: {
   253                           ;timer0_primero.c: 38: cnt++;
   254  0022  3001               	movlw	1
   255  0023  07F8               	addwf	_cnt,f
   256  0024  1803               	skipnc
   257  0025  0AF9               	incf	_cnt+1,f
   258  0026  3000               	movlw	0
   259  0027  07F9               	addwf	_cnt+1,f
   260                           
   261                           ;timer0_primero.c: 39: num = 0;
   262  0028  01FA               	clrf	_num
   263  0029  01FB               	clrf	_num+1
   264  002A                     i1l488:	
   265                           
   266                           ;timer0_primero.c: 40: }
   267                           ;timer0_primero.c: 42: INTCONbits.T0IF = 0;
   268  002A  110B               	bcf	11,2	;volatile
   269  002B  0873               	movf	??_ISR+3,w
   270  002C  00FF               	movwf	127
   271  002D  0872               	movf	??_ISR+2,w
   272  002E  008A               	movwf	10
   273  002F  0871               	movf	??_ISR+1,w
   274  0030  0084               	movwf	4
   275  0031  0E70               	swapf	??_ISR^(0+-128),w
   276  0032  0083               	movwf	3
   277  0033  0EFE               	swapf	126,f
   278  0034  0E7E               	swapf	126,w
   279  0035  0009               	retfie
   280  0036                     __end_of_ISR:	
   281  007E                     btemp	set	126	;btemp
   282  007E                     wtemp	set	126
   283  007E                     wtemp0	set	126
   284  0080                     wtemp1	set	128
   285  0082                     wtemp2	set	130
   286  0084                     wtemp3	set	132
   287  0086                     wtemp4	set	134
   288  0088                     wtemp5	set	136
   289  007F                     wtemp6	set	127
   290  007E                     ttemp	set	126
   291  007E                     ttemp0	set	126
   292  0081                     ttemp1	set	129
   293  0084                     ttemp2	set	132
   294  0087                     ttemp3	set	135
   295  007F                     ttemp4	set	127
   296  007E                     ltemp	set	126
   297  007E                     ltemp0	set	126
   298  0082                     ltemp1	set	130
   299  0086                     ltemp2	set	134
   300  0080                     ltemp3	set	128
   301                           
   302                           	psect	intentry
   303  0004                     __pintentry:	
   304                           ;incstack = 0
   305                           ; Regs used in _ISR: [wreg+status,2]
   306                           
   307  0004                     interrupt_function:	
   308  007E                     saved_w	set	btemp
   309  0004  00FE               	movwf	btemp
   310  0005  0E03               	swapf	3,w
   311  0006  00F0               	movwf	??_ISR
   312  0007  0804               	movf	4,w
   313  0008  00F1               	movwf	??_ISR+1
   314  0009  080A               	movf	10,w
   315  000A  00F2               	movwf	??_ISR+2
   316  000B  1283               	bcf	3,5	;RP0=0, select bank0
   317  000C  1303               	bcf	3,6	;RP1=0, select bank0
   318  000D  087F               	movf	btemp+1,w
   319  000E  00F3               	movwf	??_ISR+3
   320  000F  2817               	ljmp	_ISR


Data Sizes:
    Strings     0
    Constant    0
    Data        0
    BSS         4
    Persistent  0
    Stack       0

Auto Spaces:
    Space          Size  Autos    Used
    COMMON           14      8      12
    BANK0            80      0       0
    BANK1            80      0       0
    BANK2            48      0       0

Pointer List with Targets:

    None.

Critical Paths under _main in COMMON

    None.

Critical Paths under _ISR in COMMON

    None.

Critical Paths under _main in BANK0

    None.

Critical Paths under _ISR in BANK0

    None.

Critical Paths under _main in BANK1

    None.

Critical Paths under _ISR in BANK1

    None.

Critical Paths under _main in BANK2

    None.

Critical Paths under _ISR in BANK2

    None.

Call Graph Tables:

 ---------------------------------------------------------------------------------
 (Depth) Function   	        Calls       Base Space   Used Autos Params    Refs
 ---------------------------------------------------------------------------------
 (0) _main                                                 4     0      4       0
                                              4 COMMON     4     0      4
 ---------------------------------------------------------------------------------
 Estimated maximum stack depth 0
 ---------------------------------------------------------------------------------
 (Depth) Function   	        Calls       Base Space   Used Autos Params    Refs
 ---------------------------------------------------------------------------------
 (1) _ISR                                                  4     4      0       0
                                              0 COMMON     4     4      0
 ---------------------------------------------------------------------------------
 Estimated maximum stack depth 1
 ---------------------------------------------------------------------------------

 Call Graph Graphs:

 _main (ROOT)

 _ISR (ROOT)

 Address spaces:
Name               Size   Autos  Total    Cost      Usage
BITCOMMON            E      0       0       0        0.0%
EEDATA              80      0       0       0        0.0%
NULL                 0      0       0       0        0.0%
CODE                 0      0       0       0        0.0%
COMMON               E      8       C       1       85.7%
BITSFR0              0      0       0       1        0.0%
SFR0                 0      0       0       1        0.0%
BITSFR1              0      0       0       2        0.0%
SFR1                 0      0       0       2        0.0%
STACK                0      0       0       2        0.0%
BANK0               50      0       0       3        0.0%
BITSFR3              0      0       0       4        0.0%
SFR3                 0      0       0       4        0.0%
ABS                  0      0       C       4        0.0%
BITBANK0            50      0       0       5        0.0%
BITSFR2              0      0       0       5        0.0%
SFR2                 0      0       0       5        0.0%
BITBANK1            50      0       0       6        0.0%
BANK1               50      0       0       7        0.0%
BITBANK2            30      0       0       8        0.0%
BANK2               30      0       0       9        0.0%
DATA                 0      0       C      10        0.0%


Microchip Technology PIC Macro Assembler V1.30 build 55553 
Symbol Table                                                                                   Sun Apr  6 02:54:13 2014

            __CFG_CP$OFF 0000              __CFG_LVP$ON 0000                      l496 0047  
           __CFG_CPD$OFF 0000                      _ISR 0017                      _cnt 0078  
                    _num 007A                      fsr0 0004             __CFG_FOSC$XT 0000  
                   ?_ISR 0070             __CFG_WDTE$ON 0000                     _TMR0 0001  
                   _main 0036                     btemp 007E            __CFG_BOREN$ON 0000  
                   ltemp 007E                     start 0010                     ttemp 007E  
                   wtemp 007E            __CFG_MCLRE$ON 0000                    ??_ISR 0070  
                  ?_main 0074                    i1l488 002A                    _PORTB 0006  
                  _TRISB 0086                    pclath 000A                    ltemp0 007E  
                  ltemp1 0082                    ltemp2 0086                    ltemp3 0080  
                  ttemp0 007E                    ttemp1 0081                    ttemp2 0084  
                  ttemp3 0087                    ttemp4 007F                    status 0003  
                  wtemp0 007E                    wtemp1 0080                    wtemp2 0082  
                  wtemp3 0084                    wtemp4 0086                    wtemp5 0088  
                  wtemp6 007F          __initialization 0011             __end_of_main 004F  
                 ??_main 0078                   _INTCON 000B           __CFG_PWRTE$OFF 0000  
                 saved_w 007E  __end_of__initialization 0015           __pcstackCOMMON 0070  
             __pmaintext 0036               __pintentry 0004                  __ptext0 0000  
                __ptext1 0017             __size_of_ISR 001F     end_of_initialization 0015  
    start_initialization 0011              __end_of_ISR 0036              __pbssCOMMON 0078  
              ___latbits 0000        interrupt_function 0004            __size_of_main 0019  
               main@argc 0074                 main@argv 0076               _INTCONbits 000B  
               intlevel1 0000               _OPTION_REG 0081  
