

Microchip Technology PIC LITE Macro Assembler V1.30 build 55553 
                                                                                               Sat Apr  5 20:29:33 2014

Microchip Technology Omniscient Code Generator (Lite mode) build 55553
     1                           	processor	16F628A
     2                           	opt	pw 120
     3                           	opt	lm
     4                           	psect	text0,local,class=CODE,merge=1,delta=2
     5                           	psect	cinit,global,class=CODE,merge=1,delta=2
     6                           	psect	bssCOMMON,global,class=COMMON,space=1,delta=1
     7                           	psect	cstackCOMMON,global,class=COMMON,space=1,delta=1
     8                           	psect	maintext,global,class=CODE,split=1,delta=2
     9                           	psect	text1,local,class=CODE,merge=1,delta=2
    10                           	psect	text2,local,class=CODE,merge=1,delta=2
    11                           	dabs	1,0x7E,2
    12  0000                     	;# 
    13  0001                     	;# 
    14  0002                     	;# 
    15  0003                     	;# 
    16  0004                     	;# 
    17  0005                     	;# 
    18  0006                     	;# 
    19  000A                     	;# 
    20  000B                     	;# 
    21  000C                     	;# 
    22  000E                     	;# 
    23  000E                     	;# 
    24  000F                     	;# 
    25  0010                     	;# 
    26  0011                     	;# 
    27  0012                     	;# 
    28  0015                     	;# 
    29  0015                     	;# 
    30  0016                     	;# 
    31  0017                     	;# 
    32  0018                     	;# 
    33  0019                     	;# 
    34  001A                     	;# 
    35  001F                     	;# 
    36  0081                     	;# 
    37  0085                     	;# 
    38  0086                     	;# 
    39  008C                     	;# 
    40  008E                     	;# 
    41  0092                     	;# 
    42  0098                     	;# 
    43  0099                     	;# 
    44  009A                     	;# 
    45  009B                     	;# 
    46  009C                     	;# 
    47  009D                     	;# 
    48  009F                     	;# 
    49  001F                     _CMCON	set	31
    50  0005                     _PORTAbits	set	5
    51  0006                     _PORTB	set	6
    52  0085                     _TRISA	set	133
    53  0086                     _TRISB	set	134
    54                           
    55                           	psect	text0
    56  0000                     __ptext0:	
    57                           ; #config settings
    58                           
    59                           
    60                           ;psect for function _is_button1_pressed
    61  0000                     
    62                           	psect	cinit
    63  07FD                     start_initialization:	
    64  07FD                     __initialization:	
    65                           
    66                           ; Clear objects allocated to COMMON
    67  07FD  01F8               	clrf	__pbssCOMMON& (0+127)
    68  07FE                     end_of_initialization:	
    69                           ;End of C runtime variable initialization code
    70                           
    71  07FE                     __end_of__initialization:	
    72  07FE  0183               	clrf	3
    73  07FF  2FD5               	ljmp	_main	;jump to C main() function
    74                           
    75                           	psect	bssCOMMON
    76  0078                     __pbssCOMMON:	
    77  0078                     _sGPIO:	
    78  0078                     	ds	1
    79                           
    80                           	psect	cstackCOMMON
    81  0070                     __pcstackCOMMON:	
    82  0070                     ?_setupPorts:	
    83  0070                     ??_setupPorts:	
    84                           ; 0 bytes @ 0x0
    85                           
    86  0070                     ??_is_button1_pressed:	
    87                           ; 0 bytes @ 0x0
    88                           
    89  0070                     ?_is_button1_pressed:	
    90                           ; 0 bytes @ 0x0
    91                           
    92                           
    93                           ; 1 bytes @ 0x0
    94  0070                     	ds	2
    95  0072                     ?_main:	
    96  0072                     main@argc:	
    97                           ; 0 bytes @ 0x2
    98                           
    99                           
   100                           ; 2 bytes @ 0x2
   101  0072                     	ds	2
   102  0074                     main@argv:	
   103                           
   104                           ; 2 bytes @ 0x4
   105  0074                     	ds	2
   106  0076                     ??_main:	
   107                           
   108                           ; 0 bytes @ 0x6
   109  0076                     	ds	1
   110  0077                     main@cnt:	
   111                           
   112                           ; 1 bytes @ 0x7
   113  0077                     	ds	1
   114                           
   115                           	psect	maintext
   116  07D5                     __pmaintext:	
   117 ;;
   118 ;;Main: autosize = 0, tempsize = 1, incstack = 0, save=0
   119 ;;
   120 ;; *************** function _main *****************
   121 ;; Defined at:
   122 ;;		line 74 in file "push_but_count_main.c"
   123 ;; Parameters:    Size  Location     Type
   124 ;;  argc            2    2[COMMON] int 
   125 ;;  argv            2    4[COMMON] PTR PTR unsigned char 
   126 ;; Auto vars:     Size  Location     Type
   127 ;;  cnt             1    7[COMMON] unsigned char 
   128 ;; Return value:  Size  Location     Type
   129 ;;		None               void
   130 ;; Registers used:
   131 ;;		wreg, status,2, status,0, pclath, cstack
   132 ;; Tracked objects:
   133 ;;		On entry : 17F/0
   134 ;;		On exit  : 0/0
   135 ;;		Unchanged: 0/0
   136 ;; Data sizes:     COMMON   BANK0   BANK1   BANK2
   137 ;;      Params:         4       0       0       0
   138 ;;      Locals:         1       0       0       0
   139 ;;      Temps:          1       0       0       0
   140 ;;      Totals:         6       0       0       0
   141 ;;Total ram usage:        6 bytes
   142 ;; Hardware stack levels required when called:    1
   143 ;; This function calls:
   144 ;;		_is_button1_pressed
   145 ;;		_setupPorts
   146 ;; This function is called by:
   147 ;;		Startup code after reset
   148 ;; This function uses a non-reentrant model
   149 ;;
   150                           
   151                           
   152                           ;psect for function _main
   153  07D5                     _main:	
   154                           
   155                           ;push_but_count_main.c: 75: setupPorts();
   156                           
   157                           ;incstack = 0
   158                           ; Regs used in _main: [wreg+status,2+status,0+pclath+cstack]
   159  07D5  27CA               	fcall	_setupPorts
   160                           
   161                           ;push_but_count_main.c: 77: unsigned char cnt = 0;
   162  07D6  01F7               	clrf	main@cnt
   163  07D7                     l510:	
   164                           ;push_but_count_main.c: 78: while (1)
   165                           
   166                           
   167                           ;push_but_count_main.c: 79: {
   168                           ;push_but_count_main.c: 80: PORTB = sGPIO.Port;
   169  07D7  0878               	movf	_sGPIO,w
   170  07D8  1283               	bcf	3,5	;RP0=0, select bank0
   171  07D9  1303               	bcf	3,6	;RP1=0, select bank0
   172  07DA  0086               	movwf	6	;volatile
   173                           
   174                           ;push_but_count_main.c: 81: if ( is_button1_pressed() )
   175  07DB  27E8               	fcall	_is_button1_pressed
   176  07DC  3A00               	xorlw	0
   177  07DD  1903               	skipnz
   178  07DE  2FD7               	goto	l510
   179                           
   180                           ;push_but_count_main.c: 82: {
   181                           ;push_but_count_main.c: 83: cnt++;
   182  07DF  3001               	movlw	1
   183  07E0  00F6               	movwf	??_main
   184  07E1  0876               	movf	??_main,w
   185  07E2  07F7               	addwf	main@cnt,f
   186                           
   187                           ;push_but_count_main.c: 86: sGPIO.Port = cnt;
   188  07E3  0877               	movf	main@cnt,w
   189  07E4  00F6               	movwf	??_main
   190  07E5  0876               	movf	??_main,w
   191  07E6  00F8               	movwf	_sGPIO
   192  07E7  2FD7               	goto	l510
   193  07E8                     __end_of_main:	
   194                           
   195                           	psect	text1
   196  07CA                     __ptext1:	
   197 ;; *************** function _setupPorts *****************
   198 ;; Defined at:
   199 ;;		line 46 in file "push_but_count_main.c"
   200 ;; Parameters:    Size  Location     Type
   201 ;;		None
   202 ;; Auto vars:     Size  Location     Type
   203 ;;		None
   204 ;; Return value:  Size  Location     Type
   205 ;;		None               void
   206 ;; Registers used:
   207 ;;		wreg, status,2
   208 ;; Tracked objects:
   209 ;;		On entry : 0/0
   210 ;;		On exit  : 0/0
   211 ;;		Unchanged: 0/0
   212 ;; Data sizes:     COMMON   BANK0   BANK1   BANK2
   213 ;;      Params:         0       0       0       0
   214 ;;      Locals:         0       0       0       0
   215 ;;      Temps:          0       0       0       0
   216 ;;      Totals:         0       0       0       0
   217 ;;Total ram usage:        0 bytes
   218 ;; Hardware stack levels used:    1
   219 ;; This function calls:
   220 ;;		Nothing
   221 ;; This function is called by:
   222 ;;		_main
   223 ;; This function uses a non-reentrant model
   224 ;;
   225                           
   226                           
   227                           ;psect for function _setupPorts
   228  07CA                     _setupPorts:	
   229                           
   230                           ;push_but_count_main.c: 49: TRISA = 0xff;
   231                           
   232                           ;incstack = 0
   233                           ; Regs used in _setupPorts: [wreg+status,2]
   234  07CA  30FF               	movlw	255
   235  07CB  1683               	bsf	3,5	;RP0=1, select bank1
   236  07CC  1303               	bcf	3,6	;RP1=0, select bank1
   237  07CD  0085               	movwf	5	;volatile
   238                           
   239                           ;push_but_count_main.c: 50: TRISB = 0x00;
   240  07CE  0186               	clrf	6	;volatile
   241                           
   242                           ;push_but_count_main.c: 51: PORTB = 0;
   243  07CF  1283               	bcf	3,5	;RP0=0, select bank0
   244  07D0  1303               	bcf	3,6	;RP1=0, select bank0
   245  07D1  0186               	clrf	6	;volatile
   246                           
   247                           ;push_but_count_main.c: 52: CMCON = 0x07;
   248  07D2  3007               	movlw	7
   249  07D3  009F               	movwf	31	;volatile
   250  07D4  0008               	return
   251  07D5                     __end_of_setupPorts:	
   252                           
   253                           	psect	text2
   254  07E8                     __ptext2:	
   255 ;; *************** function _is_button1_pressed *****************
   256 ;; Defined at:
   257 ;;		line 59 in file "push_but_count_main.c"
   258 ;; Parameters:    Size  Location     Type
   259 ;;		None
   260 ;; Auto vars:     Size  Location     Type
   261 ;;		None
   262 ;; Return value:  Size  Location     Type
   263 ;;                  1    wreg      unsigned char 
   264 ;; Registers used:
   265 ;;		wreg
   266 ;; Tracked objects:
   267 ;;		On entry : 0/0
   268 ;;		On exit  : 0/0
   269 ;;		Unchanged: 0/0
   270 ;; Data sizes:     COMMON   BANK0   BANK1   BANK2
   271 ;;      Params:         0       0       0       0
   272 ;;      Locals:         0       0       0       0
   273 ;;      Temps:          2       0       0       0
   274 ;;      Totals:         2       0       0       0
   275 ;;Total ram usage:        2 bytes
   276 ;; Hardware stack levels used:    1
   277 ;; This function calls:
   278 ;;		Nothing
   279 ;; This function is called by:
   280 ;;		_main
   281 ;; This function uses a non-reentrant model
   282 ;;
   283                           
   284                           
   285                           ;psect for function _is_button1_pressed
   286  07E8                     _is_button1_pressed:	
   287                           
   288                           ;push_but_count_main.c: 62: if ( PORTAbits.RA0 == 0 )
   289                           
   290                           ;incstack = 0
   291                           ; Regs used in _is_button1_pressed: [wreg]
   292  07E8  1283               	bcf	3,5	;RP0=0, select bank0
   293  07E9  1303               	bcf	3,6	;RP1=0, select bank0
   294  07EA  1805               	btfsc	5,0	;volatile
   295  07EB  2FFB               	goto	l502
   296                           
   297                           ;push_but_count_main.c: 63: {
   298                           ;push_but_count_main.c: 64: _delay((unsigned long)((50)*(4000000/4000.0)));
   299  07EC  3041               	movlw	65
   300  07ED  00F1               	movwf	??_is_button1_pressed+1
   301  07EE  30EE               	movlw	238
   302  07EF  00F0               	movwf	??_is_button1_pressed
   303  07F0                     u47:	
   304  07F0  0BF0               	decfsz	??_is_button1_pressed,f
   305  07F1  2FF0               	goto	u47
   306  07F2  0BF1               	decfsz	??_is_button1_pressed+1,f
   307  07F3  2FF0               	goto	u47
   308  07F4  0000               	nop
   309                           
   310                           ;push_but_count_main.c: 66: if ( PORTAbits.RA0 == 0 )
   311  07F5  1283               	bcf	3,5	;RP0=0, select bank0
   312  07F6  1303               	bcf	3,6	;RP1=0, select bank0
   313  07F7  1805               	btfsc	5,0	;volatile
   314  07F8  2FFB               	goto	l502
   315                           
   316                           ;push_but_count_main.c: 67: {
   317                           ;push_but_count_main.c: 68: return 1;
   318  07F9  3001               	movlw	1
   319  07FA  0008               	return
   320  07FB                     l502:	
   321                           
   322                           ;push_but_count_main.c: 69: }
   323                           ;push_but_count_main.c: 70: }
   324                           ;push_but_count_main.c: 71: return 0;
   325  07FB  3000               	movlw	0
   326  07FC  0008               	return
   327  07FD                     __end_of_is_button1_pressed:	
   328  007E                     btemp	set	126	;btemp
   329  007E                     wtemp	set	126
   330  007E                     wtemp0	set	126
   331  0080                     wtemp1	set	128
   332  0082                     wtemp2	set	130
   333  0084                     wtemp3	set	132
   334  0086                     wtemp4	set	134
   335  0088                     wtemp5	set	136
   336  007F                     wtemp6	set	127
   337  007E                     ttemp	set	126
   338  007E                     ttemp0	set	126
   339  0081                     ttemp1	set	129
   340  0084                     ttemp2	set	132
   341  0087                     ttemp3	set	135
   342  007F                     ttemp4	set	127
   343  007E                     ltemp	set	126
   344  007E                     ltemp0	set	126
   345  0082                     ltemp1	set	130
   346  0086                     ltemp2	set	134
   347  0080                     ltemp3	set	128


Data Sizes:
    Strings     0
    Constant    0
    Data        0
    BSS         1
    Persistent  0
    Stack       0

Auto Spaces:
    Space          Size  Autos    Used
    COMMON           14      8       9
    BANK0            80      0       0
    BANK1            80      0       0
    BANK2            48      0       0

Pointer List with Targets:

    None.

Critical Paths under _main in COMMON

    _main->_is_button1_pressed

Critical Paths under _main in BANK0

    None.

Critical Paths under _main in BANK1

    None.

Critical Paths under _main in BANK2

    None.

Call Graph Tables:

 ---------------------------------------------------------------------------------
 (Depth) Function   	        Calls       Base Space   Used Autos Params    Refs
 ---------------------------------------------------------------------------------
 (0) _main                                                 6     2      4      15
                                              2 COMMON     6     2      4
                 _is_button1_pressed
                         _setupPorts
 ---------------------------------------------------------------------------------
 (1) _setupPorts                                           0     0      0       0
 ---------------------------------------------------------------------------------
 (1) _is_button1_pressed                                   2     2      0       0
                                              0 COMMON     2     2      0
 ---------------------------------------------------------------------------------
 Estimated maximum stack depth 1
 ---------------------------------------------------------------------------------

 Call Graph Graphs:

 _main (ROOT)
   _is_button1_pressed
   _setupPorts

 Address spaces:
Name               Size   Autos  Total    Cost      Usage
BITCOMMON            E      0       0       0        0.0%
EEDATA              80      0       0       0        0.0%
NULL                 0      0       0       0        0.0%
CODE                 0      0       0       0        0.0%
COMMON               E      8       9       1       64.3%
BITSFR0              0      0       0       1        0.0%
SFR0                 0      0       0       1        0.0%
BITSFR1              0      0       0       2        0.0%
SFR1                 0      0       0       2        0.0%
STACK                0      0       0       2        0.0%
BANK0               50      0       0       3        0.0%
BITSFR3              0      0       0       4        0.0%
SFR3                 0      0       0       4        0.0%
ABS                  0      0       9       4        0.0%
BITBANK0            50      0       0       5        0.0%
BITSFR2              0      0       0       5        0.0%
SFR2                 0      0       0       5        0.0%
BITBANK1            50      0       0       6        0.0%
BANK1               50      0       0       7        0.0%
BITBANK2            30      0       0       8        0.0%
BANK2               30      0       0       9        0.0%
DATA                 0      0       9      10        0.0%


Microchip Technology PIC Macro Assembler V1.30 build 55553 
Symbol Table                                                                                   Sat Apr  5 20:29:33 2014

                __CFG_CP$OFF 0000                           u47 07F0                  __CFG_LVP$ON 0000  
                        l502 07FB                          l510 07D7                 __CFG_CPD$OFF 0000  
               __CFG_FOSC$XT 0000                 __CFG_WDTE$ON 0000                         _main 07D5  
                       btemp 007E                __CFG_BOREN$ON 0000                         ltemp 007E  
                       start 0000                         ttemp 007E                         wtemp 007E  
              __CFG_MCLRE$ON 0000                        ?_main 0072                        _CMCON 001F  
                      _PORTB 0006                        _TRISA 0085                        _TRISB 0086  
                      _sGPIO 0078                        ltemp0 007E                        ltemp1 0082  
                      ltemp2 0086                        ltemp3 0080                        ttemp0 007E  
                      ttemp1 0081                        ttemp2 0084                        ttemp3 0087  
                      ttemp4 007F                        status 0003                        wtemp0 007E  
                      wtemp1 0080                        wtemp2 0082                        wtemp3 0084  
                      wtemp4 0086                        wtemp5 0088                        wtemp6 007F  
            __initialization 07FD                 __end_of_main 07E8                       ??_main 0076  
             __CFG_PWRTE$OFF 0000  __size_of_is_button1_pressed 0015      __end_of__initialization 07FE  
             __pcstackCOMMON 0070                   __pmaintext 07D5                      __ptext0 0000  
                    __ptext1 07CA                      __ptext2 07E8                      main@cnt 0077  
       end_of_initialization 07FE                    _PORTAbits 0005                   _setupPorts 07CA  
 __end_of_is_button1_pressed 07FD          start_initialization 07FD                  ?_setupPorts 0070  
                __pbssCOMMON 0078                    ___latbits 0000          __size_of_setupPorts 000B  
              __size_of_main 0013           _is_button1_pressed 07E8          ?_is_button1_pressed 0070  
                   main@argc 0072                     main@argv 0074                 ??_setupPorts 0070  
       ??_is_button1_pressed 0070           __end_of_setupPorts 07D5  
