

Microchip Technology PIC LITE Macro Assembler V1.30 build 55553 
                                                                                               Sat Apr  5 20:06:53 2014

Microchip Technology Omniscient Code Generator (Lite mode) build 55553
     1                           	processor	16F628A
     2                           	opt	pw 120
     3                           	opt	lm
     4                           	psect	nvCOMMON,global,class=COMMON,space=1,delta=1
     5                           	psect	cinit,global,class=CODE,merge=1,delta=2
     6                           	psect	cstackCOMMON,global,class=COMMON,space=1,delta=1
     7                           	psect	maintext,global,class=CODE,split=1,delta=2
     8                           	dabs	1,0x7E,2
     9  0000                     	;# 
    10  0001                     	;# 
    11  0002                     	;# 
    12  0003                     	;# 
    13  0004                     	;# 
    14  0005                     	;# 
    15  0006                     	;# 
    16  000A                     	;# 
    17  000B                     	;# 
    18  000C                     	;# 
    19  000E                     	;# 
    20  000E                     	;# 
    21  000F                     	;# 
    22  0010                     	;# 
    23  0011                     	;# 
    24  0012                     	;# 
    25  0015                     	;# 
    26  0015                     	;# 
    27  0016                     	;# 
    28  0017                     	;# 
    29  0018                     	;# 
    30  0019                     	;# 
    31  001A                     	;# 
    32  001F                     	;# 
    33  0081                     	;# 
    34  0085                     	;# 
    35  0086                     	;# 
    36  008C                     	;# 
    37  008E                     	;# 
    38  0092                     	;# 
    39  0098                     	;# 
    40  0099                     	;# 
    41  009A                     	;# 
    42  009B                     	;# 
    43  009C                     	;# 
    44  009D                     	;# 
    45  009F                     	;# 
    46                           
    47                           	psect	nvCOMMON
    48  0075                     __pnvCOMMON:	
    49  0075                     _sGPIO:	
    50  0075                     	ds	1
    51  0006                     _PORTB	set	6
    52  0086                     _TRISB	set	134
    53                           
    54                           ; #config settings
    55  0000                     
    56                           	psect	cinit
    57  07FE                     start_initialization:	
    58  07FE                     __initialization:	
    59  07FE                     end_of_initialization:	
    60                           ;End of C runtime variable initialization code
    61                           
    62  07FE                     __end_of__initialization:	
    63  07FE  0183               	clrf	3
    64  07FF  2FF1               	ljmp	_main	;jump to C main() function
    65                           
    66                           	psect	cstackCOMMON
    67  0070                     __pcstackCOMMON:	
    68  0070                     ?_main:	
    69  0070                     main@argc:	
    70                           ; 2 bytes @ 0x0
    71                           
    72                           
    73                           ; 2 bytes @ 0x0
    74  0070                     	ds	2
    75  0072                     main@argv:	
    76                           
    77                           ; 2 bytes @ 0x2
    78  0072                     	ds	2
    79  0074                     ??_main:	
    80                           
    81                           ; 0 bytes @ 0x4
    82  0074                     	ds	1
    83                           
    84                           	psect	maintext
    85  07F1                     __pmaintext:	
    86 ;;
    87 ;;Main: autosize = 0, tempsize = 1, incstack = 0, save=0
    88 ;;
    89 ;; *************** function _main *****************
    90 ;; Defined at:
    91 ;;		line 39 in file "estado_puerto_main.c"
    92 ;; Parameters:    Size  Location     Type
    93 ;;  argc            2    0[COMMON] int 
    94 ;;  argv            2    2[COMMON] PTR PTR unsigned char 
    95 ;; Auto vars:     Size  Location     Type
    96 ;;		None
    97 ;; Return value:  Size  Location     Type
    98 ;;                  2    0[COMMON] int 
    99 ;; Registers used:
   100 ;;		wreg, status,2
   101 ;; Tracked objects:
   102 ;;		On entry : 17F/0
   103 ;;		On exit  : 0/0
   104 ;;		Unchanged: 0/0
   105 ;; Data sizes:     COMMON   BANK0   BANK1   BANK2
   106 ;;      Params:         4       0       0       0
   107 ;;      Locals:         0       0       0       0
   108 ;;      Temps:          1       0       0       0
   109 ;;      Totals:         5       0       0       0
   110 ;;Total ram usage:        5 bytes
   111 ;; This function calls:
   112 ;;		Nothing
   113 ;; This function is called by:
   114 ;;		Startup code after reset
   115 ;; This function uses a non-reentrant model
   116 ;;
   117                           
   118                           
   119                           ;psect for function _main
   120  07F1                     _main:	
   121                           
   122                           ;estado_puerto_main.c: 40: TRISB = 0x00;
   123                           
   124                           ;incstack = 0
   125                           ; Regs used in _main: [wreg+status,2]
   126  07F1  1683               	bsf	3,5	;RP0=1, select bank1
   127  07F2  1303               	bcf	3,6	;RP1=0, select bank1
   128  07F3  0186               	clrf	6	;volatile
   129                           
   130                           ;estado_puerto_main.c: 41: PORTB = 0;
   131  07F4  1283               	bcf	3,5	;RP0=0, select bank0
   132  07F5  1303               	bcf	3,6	;RP1=0, select bank0
   133  07F6  0186               	clrf	6	;volatile
   134                           
   135                           ;estado_puerto_main.c: 42: sGPIO.Port = 0b00001010;
   136  07F7  300A               	movlw	10
   137  07F8  00F4               	movwf	??_main
   138  07F9  0874               	movf	??_main,w
   139  07FA  00F5               	movwf	_sGPIO
   140  07FB                     l473:	
   141                           ;estado_puerto_main.c: 43: while(1)
   142                           
   143                           
   144                           ;estado_puerto_main.c: 44: {
   145                           ;estado_puerto_main.c: 45: PORTB = sGPIO.Port;
   146  07FB  0875               	movf	_sGPIO,w
   147  07FC  0086               	movwf	6	;volatile
   148  07FD  2FFB               	goto	l473
   149  07FE                     __end_of_main:	
   150                           ;estado_puerto_main.c: 46: }
   151                           ;estado_puerto_main.c: 47: return (0);
   152                           ;	Return value of _main is never used
   153                           
   154  007E                     btemp	set	126	;btemp
   155  007E                     wtemp	set	126
   156  007E                     wtemp0	set	126
   157  0080                     wtemp1	set	128
   158  0082                     wtemp2	set	130
   159  0084                     wtemp3	set	132
   160  0086                     wtemp4	set	134
   161  0088                     wtemp5	set	136
   162  007F                     wtemp6	set	127
   163  007E                     ttemp	set	126
   164  007E                     ttemp0	set	126
   165  0081                     ttemp1	set	129
   166  0084                     ttemp2	set	132
   167  0087                     ttemp3	set	135
   168  007F                     ttemp4	set	127
   169  007E                     ltemp	set	126
   170  007E                     ltemp0	set	126
   171  0082                     ltemp1	set	130
   172  0086                     ltemp2	set	134
   173  0080                     ltemp3	set	128


Data Sizes:
    Strings     0
    Constant    0
    Data        0
    BSS         0
    Persistent  1
    Stack       0

Auto Spaces:
    Space          Size  Autos    Used
    COMMON           14      5       6
    BANK0            80      0       0
    BANK1            80      0       0
    BANK2            48      0       0

Pointer List with Targets:

    None.

Critical Paths under _main in COMMON

    None.

Critical Paths under _main in BANK0

    None.

Critical Paths under _main in BANK1

    None.

Critical Paths under _main in BANK2

    None.

Call Graph Tables:

 ---------------------------------------------------------------------------------
 (Depth) Function   	        Calls       Base Space   Used Autos Params    Refs
 ---------------------------------------------------------------------------------
 (0) _main                                                 5     1      4       0
                                              0 COMMON     5     1      4
 ---------------------------------------------------------------------------------
 Estimated maximum stack depth 0
 ---------------------------------------------------------------------------------

 Call Graph Graphs:

 _main (ROOT)

 Address spaces:
Name               Size   Autos  Total    Cost      Usage
BITCOMMON            E      0       0       0        0.0%
EEDATA              80      0       0       0        0.0%
NULL                 0      0       0       0        0.0%
CODE                 0      0       0       0        0.0%
COMMON               E      5       6       1       42.9%
BITSFR0              0      0       0       1        0.0%
SFR0                 0      0       0       1        0.0%
BITSFR1              0      0       0       2        0.0%
SFR1                 0      0       0       2        0.0%
STACK                0      0       0       2        0.0%
BANK0               50      0       0       3        0.0%
BITSFR3              0      0       0       4        0.0%
SFR3                 0      0       0       4        0.0%
ABS                  0      0       6       4        0.0%
BITBANK0            50      0       0       5        0.0%
BITSFR2              0      0       0       5        0.0%
SFR2                 0      0       0       5        0.0%
BITBANK1            50      0       0       6        0.0%
BANK1               50      0       0       7        0.0%
BITBANK2            30      0       0       8        0.0%
BANK2               30      0       0       9        0.0%
DATA                 0      0       6      10        0.0%


Microchip Technology PIC Macro Assembler V1.30 build 55553 
Symbol Table                                                                                   Sat Apr  5 20:06:53 2014

            __CFG_CP$OFF 0000              __CFG_LVP$ON 0000                      l473 07FB  
           __CFG_CPD$OFF 0000             __CFG_FOSC$XT 0000             __CFG_WDTE$ON 0000  
                   _main 07F1                     btemp 007E            __CFG_BOREN$ON 0000  
                   ltemp 007E                     start 0000                     ttemp 007E  
                   wtemp 007E            __CFG_MCLRE$ON 0000                    ?_main 0070  
                  _PORTB 0006                    _TRISB 0086                    _sGPIO 0075  
                  ltemp0 007E                    ltemp1 0082                    ltemp2 0086  
                  ltemp3 0080                    ttemp0 007E                    ttemp1 0081  
                  ttemp2 0084                    ttemp3 0087                    ttemp4 007F  
                  status 0003                    wtemp0 007E                    wtemp1 0080  
                  wtemp2 0082                    wtemp3 0084                    wtemp4 0086  
                  wtemp5 0088                    wtemp6 007F          __initialization 07FE  
           __end_of_main 07FE                   ??_main 0074           __CFG_PWRTE$OFF 0000  
__end_of__initialization 07FE           __pcstackCOMMON 0070               __pnvCOMMON 0075  
             __pmaintext 07F1     end_of_initialization 07FE      start_initialization 07FE  
              ___latbits 0000            __size_of_main 000D                 main@argc 0070  
               main@argv 0072  
