

Microchip Technology PIC LITE Macro Assembler V1.30 build 55553 
                                                                                               Sun Feb 14 23:23:12 2016

Microchip Technology Omniscient Code Generator (Lite mode) build 55553
     1                           	processor	16F628A
     2                           	opt	pw 120
     3                           	opt	lm
     4                           	psect	idataBANK0,global,class=CODE,delta=2
     5                           	psect	cinit,global,class=CODE,merge=1,delta=2
     6                           	psect	bssCOMMON,global,class=COMMON,space=1,delta=1
     7                           	psect	dataBANK0,global,class=BANK0,space=1,delta=1
     8                           	psect	cstackCOMMON,global,class=COMMON,space=1,delta=1
     9                           	psect	cstackBANK0,global,class=BANK0,space=1,delta=1
    10                           	psect	maintext,global,class=CODE,split=1,delta=2
    11                           	psect	text1,local,class=CODE,merge=1,delta=2
    12                           	psect	intentry,global,class=CODE,delta=2
    13                           	dabs	1,0x7E,2
    14  0000                     	;# 
    15  0001                     	;# 
    16  0002                     	;# 
    17  0003                     	;# 
    18  0004                     	;# 
    19  0005                     	;# 
    20  0006                     	;# 
    21  000A                     	;# 
    22  000B                     	;# 
    23  000C                     	;# 
    24  000E                     	;# 
    25  000E                     	;# 
    26  000F                     	;# 
    27  0010                     	;# 
    28  0011                     	;# 
    29  0012                     	;# 
    30  0015                     	;# 
    31  0015                     	;# 
    32  0016                     	;# 
    33  0017                     	;# 
    34  0018                     	;# 
    35  0019                     	;# 
    36  001A                     	;# 
    37  001F                     	;# 
    38  0081                     	;# 
    39  0085                     	;# 
    40  0086                     	;# 
    41  008C                     	;# 
    42  008E                     	;# 
    43  0092                     	;# 
    44  0098                     	;# 
    45  0099                     	;# 
    46  009A                     	;# 
    47  009B                     	;# 
    48  009C                     	;# 
    49  009D                     	;# 
    50  009F                     	;# 
    51                           
    52                           	psect	idataBANK0
    53  0092                     __pidataBANK0:	
    54                           
    55                           ;initializer for _pwm1
    56  0092  340F               	retlw	15
    57  0093  3400               	retlw	0
    58                           
    59                           ;initializer for _pwm2
    60  0094  3427               	retlw	39
    61  0095  3400               	retlw	0
    62                           
    63                           ;initializer for _pwm3
    64  0096  3463               	retlw	99
    65  0097  3400               	retlw	0
    66  000B                     _INTCON	set	11
    67  000B                     _INTCONbits	set	11
    68  0006                     _PORTB	set	6
    69  0001                     _TMR0	set	1
    70  0081                     _OPTION_REGbits	set	129
    71  0086                     _TRISB	set	134
    72                           
    73                           ; #config settings
    74  0000                     
    75                           	psect	cinit
    76  0011                     start_initialization:	
    77  0011                     __initialization:	
    78                           
    79                           ; Clear objects allocated to COMMON
    80  0011  01F0               	clrf	__pbssCOMMON& (0+127)
    81  0012  01F1               	clrf	(__pbssCOMMON+1)& (0+127)
    82  0013  01F2               	clrf	(__pbssCOMMON+2)& (0+127)
    83  0014  01F3               	clrf	(__pbssCOMMON+3)& (0+127)
    84  0015  01F4               	clrf	(__pbssCOMMON+4)& (0+127)
    85                           
    86                           ; Initialize objects allocated to BANK0
    87  0016  2092               	fcall	__pidataBANK0	;fetch initializer
    88  0017  00A0               	movwf	__pdataBANK0& (0+127)
    89  0018  2093               	fcall	__pidataBANK0+1	;fetch initializer
    90  0019  00A1               	movwf	(__pdataBANK0+1)& (0+127)
    91  001A  2094               	fcall	__pidataBANK0+2	;fetch initializer
    92  001B  00A2               	movwf	(__pdataBANK0+2)& (0+127)
    93  001C  2095               	fcall	__pidataBANK0+3	;fetch initializer
    94  001D  00A3               	movwf	(__pdataBANK0+3)& (0+127)
    95  001E  2096               	fcall	__pidataBANK0+4	;fetch initializer
    96  001F  00A4               	movwf	(__pdataBANK0+4)& (0+127)
    97  0020  2097               	fcall	__pidataBANK0+5	;fetch initializer
    98  0021  00A5               	movwf	(__pdataBANK0+5)& (0+127)
    99  0022                     end_of_initialization:	
   100                           ;End of C runtime variable initialization code
   101                           
   102  0022                     __end_of__initialization:	
   103  0022  0183               	clrf	3
   104  0023  2880               	ljmp	_main	;jump to C main() function
   105                           
   106                           	psect	bssCOMMON
   107  0070                     __pbssCOMMON:	
   108  0070                     _cont:	
   109  0070                     	ds	2
   110  0072                     _pwm0:	
   111  0072                     	ds	2
   112  0074                     _sGPIO:	
   113  0074                     	ds	1
   114                           
   115                           	psect	dataBANK0
   116  0020                     __pdataBANK0:	
   117  0020                     _pwm1:	
   118  0020                     	ds	2
   119  0022                     _pwm2:	
   120  0022                     	ds	2
   121  0024                     _pwm3:	
   122  0024                     	ds	2
   123                           
   124                           	psect	cstackCOMMON
   125  0075                     __pcstackCOMMON:	
   126  0075                     ?_ISR:	
   127  0075                     ??_ISR:	
   128                           ; 0 bytes @ 0x0
   129                           
   130                           
   131                           ; 0 bytes @ 0x0
   132  0075                     	ds	4
   133  0079                     ??_main:	
   134                           
   135                           	psect	cstackBANK0
   136  0026                     __pcstackBANK0:	
   137                           ; 0 bytes @ 0x4
   138                           
   139  0026                     ?_main:	
   140  0026                     main@argc:	
   141                           ; 2 bytes @ 0x0
   142                           
   143                           
   144                           ; 2 bytes @ 0x0
   145  0026                     	ds	2
   146  0028                     main@argv:	
   147                           
   148                           ; 2 bytes @ 0x2
   149  0028                     	ds	2
   150                           
   151                           	psect	maintext
   152  0080                     __pmaintext:	
   153 ;;
   154 ;;Main: autosize = 0, tempsize = 0, incstack = 0, save=0
   155 ;;
   156 ;; *************** function _main *****************
   157 ;; Defined at:
   158 ;;		line 97 in file "soft_pwm_simple_main.c"
   159 ;; Parameters:    Size  Location     Type
   160 ;;  argc            2    0[BANK0 ] int 
   161 ;;  argv            2    2[BANK0 ] PTR PTR unsigned char 
   162 ;; Auto vars:     Size  Location     Type
   163 ;;		None
   164 ;; Return value:  Size  Location     Type
   165 ;;                  2    0[BANK0 ] int 
   166 ;; Registers used:
   167 ;;		wreg, status,2
   168 ;; Tracked objects:
   169 ;;		On entry : 17F/0
   170 ;;		On exit  : 0/0
   171 ;;		Unchanged: 0/0
   172 ;; Data sizes:     COMMON   BANK0   BANK1   BANK2
   173 ;;      Params:         0       4       0       0
   174 ;;      Locals:         0       0       0       0
   175 ;;      Temps:          0       0       0       0
   176 ;;      Totals:         0       4       0       0
   177 ;;Total ram usage:        4 bytes
   178 ;; Hardware stack levels required when called:    1
   179 ;; This function calls:
   180 ;;		Nothing
   181 ;; This function is called by:
   182 ;;		Startup code after reset
   183 ;; This function uses a non-reentrant model
   184 ;;
   185                           
   186                           
   187                           ;psect for function _main
   188  0080                     _main:	
   189                           
   190                           ;soft_pwm_simple_main.c: 98: TRISB = 0;
   191                           
   192                           ;incstack = 0
   193                           ; Regs used in _main: [wreg+status,2]
   194  0080  1683               	bsf	3,5	;RP0=1, select bank1
   195  0081  1303               	bcf	3,6	;RP1=0, select bank1
   196  0082  0186               	clrf	6	;volatile
   197                           
   198                           ;soft_pwm_simple_main.c: 99: PORTB = 0;
   199  0083  1283               	bcf	3,5	;RP0=0, select bank0
   200  0084  1303               	bcf	3,6	;RP1=0, select bank0
   201  0085  0186               	clrf	6	;volatile
   202                           
   203                           ;soft_pwm_simple_main.c: 102: INTCON = 0xA0;
   204  0086  30A0               	movlw	160
   205  0087  008B               	movwf	11	;volatile
   206                           
   207                           ;soft_pwm_simple_main.c: 103: OPTION_REGbits.T0CS = 0;
   208  0088  1683               	bsf	3,5	;RP0=1, select bank1
   209  0089  1303               	bcf	3,6	;RP1=0, select bank1
   210  008A  1281               	bcf	1,5	;volatile
   211                           
   212                           ;soft_pwm_simple_main.c: 104: INTCONbits.GIE = 1;
   213  008B  178B               	bsf	11,7	;volatile
   214                           
   215                           ;soft_pwm_simple_main.c: 105: INTCONbits.T0IE = 1;
   216  008C  168B               	bsf	11,5	;volatile
   217                           
   218                           ;soft_pwm_simple_main.c: 110: TMR0 = 254;
   219  008D  30FE               	movlw	254
   220  008E  1283               	bcf	3,5	;RP0=0, select bank0
   221  008F  1303               	bcf	3,6	;RP1=0, select bank0
   222  0090  0081               	movwf	1	;volatile
   223  0091                     l40:	
   224                           ;soft_pwm_simple_main.c: 111: while (1);
   225                           
   226  0091  2891               	goto	l40
   227  0092                     __end_of_main:	
   228                           ;soft_pwm_simple_main.c: 113: return (0);
   229                           ;	Return value of _main is never used
   230                           
   231                           
   232                           	psect	text1
   233  0024                     __ptext1:	
   234 ;; *************** function _ISR *****************
   235 ;; Defined at:
   236 ;;		line 59 in file "soft_pwm_simple_main.c"
   237 ;; Parameters:    Size  Location     Type
   238 ;;		None
   239 ;; Auto vars:     Size  Location     Type
   240 ;;		None
   241 ;; Return value:  Size  Location     Type
   242 ;;		None               void
   243 ;; Registers used:
   244 ;;		wreg, status,2
   245 ;; Tracked objects:
   246 ;;		On entry : 0/0
   247 ;;		On exit  : 0/0
   248 ;;		Unchanged: 0/0
   249 ;; Data sizes:     COMMON   BANK0   BANK1   BANK2
   250 ;;      Params:         0       0       0       0
   251 ;;      Locals:         0       0       0       0
   252 ;;      Temps:          4       0       0       0
   253 ;;      Totals:         4       0       0       0
   254 ;;Total ram usage:        4 bytes
   255 ;; Hardware stack levels used:    1
   256 ;; This function calls:
   257 ;;		Nothing
   258 ;; This function is called by:
   259 ;;		Interrupt level 1
   260 ;; This function uses a non-reentrant model
   261 ;;
   262                           
   263                           
   264                           ;psect for function _ISR
   265  0024                     _ISR:	
   266                           
   267                           ;soft_pwm_simple_main.c: 62: if (cont > 99)
   268  0024  3000               	movlw	0
   269  0025  0271               	subwf	_cont+1,w
   270  0026  3064               	movlw	100
   271  0027  1903               	skipnz
   272  0028  0270               	subwf	_cont,w
   273  0029  1C03               	skipc
   274  002A  282E               	goto	i1l548
   275                           
   276                           ;soft_pwm_simple_main.c: 63: cont = 0;
   277  002B  01F0               	clrf	_cont
   278  002C  01F1               	clrf	_cont+1
   279  002D  2834               	goto	i1l28
   280  002E                     i1l548:	
   281                           
   282                           ;soft_pwm_simple_main.c: 64: else
   283                           ;soft_pwm_simple_main.c: 65: cont++;
   284  002E  3001               	movlw	1
   285  002F  07F0               	addwf	_cont,f
   286  0030  1803               	skipnc
   287  0031  0AF1               	incf	_cont+1,f
   288  0032  3000               	movlw	0
   289  0033  07F1               	addwf	_cont+1,f
   290  0034                     i1l28:	
   291                           
   292                           ;soft_pwm_simple_main.c: 67: if ( cont > 0 && cont < pwm0 )
   293  0034  0871               	movf	_cont+1,w
   294  0035  0470               	iorwf	_cont,w
   295  0036  1903               	skipnz
   296  0037  2842               	goto	i1l29
   297  0038  0873               	movf	_pwm0+1,w
   298  0039  0271               	subwf	_cont+1,w
   299  003A  1D03               	skipz
   300  003B  283E               	goto	u12_25
   301  003C  0872               	movf	_pwm0,w
   302  003D  0270               	subwf	_cont,w
   303  003E                     u12_25:	
   304  003E  1803               	skipnc
   305  003F  2842               	goto	i1l29
   306                           
   307                           ;soft_pwm_simple_main.c: 68: sGPIO.GP0 = 1;
   308  0040  1474               	bsf	_sGPIO,0
   309  0041  2843               	goto	i1l554
   310  0042                     i1l29:	
   311                           
   312                           ;soft_pwm_simple_main.c: 69: else
   313                           ;soft_pwm_simple_main.c: 70: sGPIO.GP0 = 0;
   314  0042  1074               	bcf	_sGPIO,0
   315  0043                     i1l554:	
   316                           
   317                           ;soft_pwm_simple_main.c: 73: if ( cont > 0 && cont < pwm1 )
   318  0043  0871               	movf	_cont+1,w
   319  0044  0470               	iorwf	_cont,w
   320  0045  1903               	skipnz
   321  0046  2851               	goto	i1l31
   322  0047  0821               	movf	_pwm1+1,w
   323  0048  0271               	subwf	_cont+1,w
   324  0049  1D03               	skipz
   325  004A  284D               	goto	u14_25
   326  004B  0820               	movf	_pwm1,w
   327  004C  0270               	subwf	_cont,w
   328  004D                     u14_25:	
   329  004D  1803               	skipnc
   330  004E  2851               	goto	i1l31
   331                           
   332                           ;soft_pwm_simple_main.c: 74: sGPIO.GP1 = 1;
   333  004F  14F4               	bsf	_sGPIO,1
   334  0050  2852               	goto	i1l560
   335  0051                     i1l31:	
   336                           
   337                           ;soft_pwm_simple_main.c: 75: else
   338                           ;soft_pwm_simple_main.c: 76: sGPIO.GP1 = 0;
   339  0051  10F4               	bcf	_sGPIO,1
   340  0052                     i1l560:	
   341                           
   342                           ;soft_pwm_simple_main.c: 79: if ( cont > 0 && cont < pwm2 )
   343  0052  0871               	movf	_cont+1,w
   344  0053  0470               	iorwf	_cont,w
   345  0054  1903               	skipnz
   346  0055  2860               	goto	i1l33
   347  0056  0823               	movf	_pwm2+1,w
   348  0057  0271               	subwf	_cont+1,w
   349  0058  1D03               	skipz
   350  0059  285C               	goto	u16_25
   351  005A  0822               	movf	_pwm2,w
   352  005B  0270               	subwf	_cont,w
   353  005C                     u16_25:	
   354  005C  1803               	skipnc
   355  005D  2860               	goto	i1l33
   356                           
   357                           ;soft_pwm_simple_main.c: 80: sGPIO.GP2 = 1;
   358  005E  1574               	bsf	_sGPIO,2
   359  005F  2861               	goto	i1l566
   360  0060                     i1l33:	
   361                           
   362                           ;soft_pwm_simple_main.c: 81: else
   363                           ;soft_pwm_simple_main.c: 82: sGPIO.GP2 = 0;
   364  0060  1174               	bcf	_sGPIO,2
   365  0061                     i1l566:	
   366                           
   367                           ;soft_pwm_simple_main.c: 85: if ( cont > 0 && cont < pwm3 )
   368  0061  0871               	movf	_cont+1,w
   369  0062  0470               	iorwf	_cont,w
   370  0063  1903               	skipnz
   371  0064  286F               	goto	i1l35
   372  0065  0825               	movf	_pwm3+1,w
   373  0066  0271               	subwf	_cont+1,w
   374  0067  1D03               	skipz
   375  0068  286B               	goto	u18_25
   376  0069  0824               	movf	_pwm3,w
   377  006A  0270               	subwf	_cont,w
   378  006B                     u18_25:	
   379  006B  1803               	skipnc
   380  006C  286F               	goto	i1l35
   381                           
   382                           ;soft_pwm_simple_main.c: 86: sGPIO.GP3 = 1;
   383  006D  15F4               	bsf	_sGPIO,3
   384  006E  2870               	goto	i1l572
   385  006F                     i1l35:	
   386                           
   387                           ;soft_pwm_simple_main.c: 87: else
   388                           ;soft_pwm_simple_main.c: 88: sGPIO.GP3 = 0;
   389  006F  11F4               	bcf	_sGPIO,3
   390  0070                     i1l572:	
   391                           
   392                           ;soft_pwm_simple_main.c: 90: PORTB = sGPIO.Port;
   393  0070  0874               	movf	_sGPIO,w
   394  0071  0086               	movwf	6	;volatile
   395                           
   396                           ;soft_pwm_simple_main.c: 92: INTCONbits.T0IF = 0;
   397  0072  110B               	bcf	11,2	;volatile
   398                           
   399                           ;soft_pwm_simple_main.c: 93: TMR0 = 254;
   400  0073  30FE               	movlw	254
   401  0074  0081               	movwf	1	;volatile
   402  0075  0878               	movf	??_ISR+3,w
   403  0076  00FF               	movwf	127
   404  0077  0877               	movf	??_ISR+2,w
   405  0078  008A               	movwf	10
   406  0079  0876               	movf	??_ISR+1,w
   407  007A  0084               	movwf	4
   408  007B  0E75               	swapf	??_ISR^(0+-128),w
   409  007C  0083               	movwf	3
   410  007D  0EFE               	swapf	126,f
   411  007E  0E7E               	swapf	126,w
   412  007F  0009               	retfie
   413  0080                     __end_of_ISR:	
   414  007E                     btemp	set	126	;btemp
   415  007E                     wtemp	set	126
   416  007E                     wtemp0	set	126
   417  0080                     wtemp1	set	128
   418  0082                     wtemp2	set	130
   419  0084                     wtemp3	set	132
   420  0086                     wtemp4	set	134
   421  0088                     wtemp5	set	136
   422  007F                     wtemp6	set	127
   423  007E                     ttemp	set	126
   424  007E                     ttemp0	set	126
   425  0081                     ttemp1	set	129
   426  0084                     ttemp2	set	132
   427  0087                     ttemp3	set	135
   428  007F                     ttemp4	set	127
   429  007E                     ltemp	set	126
   430  007E                     ltemp0	set	126
   431  0082                     ltemp1	set	130
   432  0086                     ltemp2	set	134
   433  0080                     ltemp3	set	128
   434                           
   435                           	psect	intentry
   436  0004                     __pintentry:	
   437                           ;incstack = 0
   438                           ; Regs used in _ISR: [wreg+status,2]
   439                           
   440  0004                     interrupt_function:	
   441  007E                     saved_w	set	btemp
   442  0004  00FE               	movwf	btemp
   443  0005  0E03               	swapf	3,w
   444  0006  00F5               	movwf	??_ISR
   445  0007  0804               	movf	4,w
   446  0008  00F6               	movwf	??_ISR+1
   447  0009  080A               	movf	10,w
   448  000A  00F7               	movwf	??_ISR+2
   449  000B  1283               	bcf	3,5	;RP0=0, select bank0
   450  000C  1303               	bcf	3,6	;RP1=0, select bank0
   451  000D  087F               	movf	btemp+1,w
   452  000E  00F8               	movwf	??_ISR+3
   453  000F  2824               	ljmp	_ISR


Data Sizes:
    Strings     0
    Constant    0
    Data        6
    BSS         5
    Persistent  0
    Stack       0

Auto Spaces:
    Space          Size  Autos    Used
    COMMON           14      4       9
    BANK0            80      4      10
    BANK1            80      0       0
    BANK2            48      0       0

Pointer List with Targets:

    None.

Critical Paths under _main in COMMON

    None.

Critical Paths under _ISR in COMMON

    None.

Critical Paths under _main in BANK0

    None.

Critical Paths under _ISR in BANK0

    None.

Critical Paths under _main in BANK1

    None.

Critical Paths under _ISR in BANK1

    None.

Critical Paths under _main in BANK2

    None.

Critical Paths under _ISR in BANK2

    None.

Call Graph Tables:

 ---------------------------------------------------------------------------------
 (Depth) Function   	        Calls       Base Space   Used Autos Params    Refs
 ---------------------------------------------------------------------------------
 (0) _main                                                 4     0      4       0
                                              0 BANK0      4     0      4
 ---------------------------------------------------------------------------------
 Estimated maximum stack depth 0
 ---------------------------------------------------------------------------------
 (Depth) Function   	        Calls       Base Space   Used Autos Params    Refs
 ---------------------------------------------------------------------------------
 (1) _ISR                                                  4     4      0       0
                                              0 COMMON     4     4      0
 ---------------------------------------------------------------------------------
 Estimated maximum stack depth 1
 ---------------------------------------------------------------------------------

 Call Graph Graphs:

 _main (ROOT)

 _ISR (ROOT)

 Address spaces:
Name               Size   Autos  Total    Cost      Usage
SFR3                 0      0       0       4        0.0%
BITSFR3              0      0       0       4        0.0%
BANK2               30      0       0       9        0.0%
BITBANK2            30      0       0       8        0.0%
SFR2                 0      0       0       5        0.0%
BITSFR2              0      0       0       5        0.0%
BANK1               50      0       0       7        0.0%
BITBANK1            50      0       0       6        0.0%
SFR1                 0      0       0       2        0.0%
BITSFR1              0      0       0       2        0.0%
BANK0               50      4       A       3       12.5%
BITBANK0            50      0       0       5        0.0%
SFR0                 0      0       0       1        0.0%
BITSFR0              0      0       0       1        0.0%
COMMON               E      4       9       1       64.3%
BITCOMMON            E      0       0       0        0.0%
CODE                 0      0       0       0        0.0%
DATA                 0      0      13      10        0.0%
ABS                  0      0      13       4        0.0%
NULL                 0      0       0       0        0.0%
STACK                0      0       0       2        0.0%
EEDATA              80      0       0       0        0.0%


Microchip Technology PIC Macro Assembler V1.30 build 55553 
Symbol Table                                                                                   Sun Feb 14 23:23:12 2016

            __CFG_CP$OFF 0000                       l40 0091              __CFG_LVP$ON 0000  
           __CFG_CPD$OFF 0000                      _ISR 0024                      fsr0 0004  
           __CFG_FOSC$XT 0000                     ?_ISR 0075             __CFG_WDTE$ON 0000  
                   i1l31 0051                     i1l33 0060                     i1l35 006F  
                   i1l28 0034                     i1l29 0042                     _TMR0 0001  
                   _cont 0070                     _main 0080                     _pwm0 0072  
                   _pwm1 0020                     _pwm2 0022                     _pwm3 0024  
                   btemp 007E            __CFG_BOREN$ON 0000                     ltemp 007E  
                   start 0010                     ttemp 007E                     wtemp 007E  
          __CFG_MCLRE$ON 0000                    ??_ISR 0075                    ?_main 0026  
                  i1l560 0052                    i1l554 0043                    i1l572 0070  
                  i1l548 002E                    i1l566 0061                    u12_25 003E  
                  u14_25 004D                    u16_25 005C                    u18_25 006B  
                  _PORTB 0006                    _TRISB 0086                    _sGPIO 0074  
                  pclath 000A                    ltemp0 007E                    ltemp1 0082  
                  ltemp2 0086                    ltemp3 0080                    ttemp0 007E  
                  ttemp1 0081                    ttemp2 0084                    ttemp3 0087  
                  ttemp4 007F                    status 0003                    wtemp0 007E  
                  wtemp1 0080                    wtemp2 0082                    wtemp3 0084  
                  wtemp4 0086                    wtemp5 0088                    wtemp6 007F  
        __initialization 0011             __end_of_main 0092                   ??_main 0079  
                 _INTCON 000B           __CFG_PWRTE$OFF 0000                   saved_w 007E  
__end_of__initialization 0022           __pcstackCOMMON 0075             __pidataBANK0 0092  
         _OPTION_REGbits 0081               __pmaintext 0080               __pintentry 0004  
                __ptext1 0024             __size_of_ISR 005C     end_of_initialization 0022  
    start_initialization 0011              __end_of_ISR 0080              __pdataBANK0 0020  
            __pbssCOMMON 0070                ___latbits 0000            __pcstackBANK0 0026  
      interrupt_function 0004            __size_of_main 0012                 main@argc 0026  
               main@argv 0028               _INTCONbits 000B                 intlevel1 0000  
